2023-05-11 11:09:47,584 [Worker-7: Loading available Gradle versions] INFO  o.e.b.c.i.u.g.PublishedGradleVersions - Gradle version information cache is out-of-date. Trying to update.
2023-05-11 11:17:16,999 [Worker-2: Importing Maven projects] INFO  o.e.m.c.i.l.LifecycleMappingFactory - Using org.eclipse.m2e.jdt.JarLifecycleMapping lifecycle mapping for MavenProject: com.poc.customer:com.poc.customer:0.0.1-SNAPSHOT @ F:\Project-Workspace\Project-poc\Customer\pom.xml.
2023-05-11 11:17:18,553 [Worker-2: Importing Maven projects] INFO  o.e.m.c.i.e.AbstractTransferListenerAdapter - Downloading https://repo.maven.apache.org/maven2/com/h2database/h2/2.1.214/h2-2.1.214.pom
2023-05-11 11:17:18,709 [Worker-2: Importing Maven projects] INFO  o.e.m.c.i.e.AbstractTransferListenerAdapter - Downloaded https://repo.maven.apache.org/maven2/com/h2database/h2/2.1.214/h2-2.1.214.pom
2023-05-11 11:17:18,936 [Worker-2: Importing Maven projects] INFO  o.e.m.c.i.e.AbstractTransferListenerAdapter - Downloading https://repo.maven.apache.org/maven2/com/h2database/h2/2.1.214/h2-2.1.214.jar
2023-05-11 11:17:36,131 [Worker-2: Importing Maven projects] INFO  o.e.m.c.i.e.AbstractTransferListenerAdapter - Downloaded https://repo.maven.apache.org/maven2/com/h2database/h2/2.1.214/h2-2.1.214.jar
2023-05-11 11:17:38,611 [Worker-2: Importing Maven projects] INFO  o.e.m.j.i.AbstractJavaProjectConfigurator - Adding source folder /Customer/src/main/java
2023-05-11 11:17:38,612 [Worker-2: Importing Maven projects] INFO  o.e.m.j.i.AbstractJavaProjectConfigurator - Adding resource folder /Customer/src/main/resources
2023-05-11 11:17:38,638 [Worker-2: Importing Maven projects] INFO  o.e.m.j.i.AbstractJavaProjectConfigurator - Adding resource folder /Customer/src/main/resources
2023-05-11 11:17:38,658 [Worker-2: Importing Maven projects] INFO  o.e.m.j.i.AbstractJavaProjectConfigurator - Adding source folder /Customer/src/test/java
2023-05-11 11:17:39,457 [Worker-17: Download sources and javadoc] INFO  o.e.m.c.i.e.AbstractTransferListenerAdapter - Downloading https://repo.maven.apache.org/maven2/com/h2database/h2/2.1.214/h2-2.1.214-sources.jar
2023-05-11 11:17:41,783 [Worker-2: Importing Maven projects] INFO  o.e.m.c.i.p.ProjectConfigurationManager - Imported and configured 1 project(s) in 26 sec
2023-05-11 11:17:42,721 [Worker-20: Updating Maven Project] INFO  o.e.m.c.i.p.ProjectConfigurationManager - Update started
2023-05-11 11:17:43,505 [Worker-20: Updating Maven Project] INFO  o.e.m.c.i.l.LifecycleMappingFactory - Using org.eclipse.m2e.jdt.JarLifecycleMapping lifecycle mapping for MavenProject: com.poc.customer:com.poc.customer:0.0.1-SNAPSHOT @ F:\Project-Workspace\Project-poc\Customer\pom.xml.
2023-05-11 11:17:44,166 [Worker-20: Updating Maven Project] INFO  o.e.m.j.i.AbstractJavaProjectConfigurator - Adding source folder /Customer/src/main/java
2023-05-11 11:17:44,169 [Worker-20: Updating Maven Project] INFO  o.e.m.j.i.AbstractJavaProjectConfigurator - Adding resource folder /Customer/src/main/resources
2023-05-11 11:17:44,176 [Worker-20: Updating Maven Project] INFO  o.e.m.j.i.AbstractJavaProjectConfigurator - Adding resource folder /Customer/src/main/resources
2023-05-11 11:17:44,178 [Worker-20: Updating Maven Project] INFO  o.e.m.j.i.AbstractJavaProjectConfigurator - Adding source folder /Customer/src/test/java
2023-05-11 11:17:44,909 [Worker-20: Updating Maven Project] INFO  o.e.m.c.i.p.ProjectConfigurationManager - Update completed for 1 poms: local refresh takes 0.00 sec, refresh facades takes 1.00 sec, update config takes 0.00 sec 
2023-05-11 11:17:47,631 [Worker-17: Download sources and javadoc] INFO  o.e.m.c.i.e.AbstractTransferListenerAdapter - Downloaded https://repo.maven.apache.org/maven2/com/h2database/h2/2.1.214/h2-2.1.214-sources.jar
2023-05-11 11:17:47,637 [Worker-17: Download sources and javadoc] INFO  o.e.m.j.internal.DownloadSourcesJob - Downloaded sources for com.h2database:h2:2.1.214
2023-05-11 11:27:58,909 [Worker-17: Importing Maven projects] INFO  o.e.m.c.i.l.LifecycleMappingFactory - Using org.eclipse.m2e.jdt.JarLifecycleMapping lifecycle mapping for MavenProject: com.poc.customer:CustomerService:0.0.1-SNAPSHOT @ F:\Project-Workspace\Project-poc\CustomerService\pom.xml.
2023-05-11 11:28:00,440 [Worker-17: Importing Maven projects] INFO  o.e.m.j.i.AbstractJavaProjectConfigurator - Adding source folder /CustomerService/src/main/java
2023-05-11 11:28:00,441 [Worker-17: Importing Maven projects] INFO  o.e.m.j.i.AbstractJavaProjectConfigurator - Adding resource folder /CustomerService/src/main/resources
2023-05-11 11:28:00,447 [Worker-17: Importing Maven projects] INFO  o.e.m.j.i.AbstractJavaProjectConfigurator - Adding resource folder /CustomerService/src/main/resources
2023-05-11 11:28:00,454 [Worker-17: Importing Maven projects] INFO  o.e.m.j.i.AbstractJavaProjectConfigurator - Adding source folder /CustomerService/src/test/java
2023-05-11 11:28:01,037 [Worker-17: Importing Maven projects] INFO  o.e.m.c.i.p.ProjectConfigurationManager - Imported and configured 1 project(s) in 2 sec
2023-05-11 11:44:04,692 [Worker-34: Updating Maven Project] INFO  o.e.m.c.i.p.ProjectConfigurationManager - Update started
2023-05-11 11:44:05,476 [Worker-34: Updating Maven Project] INFO  o.e.m.c.i.l.LifecycleMappingFactory - Using org.eclipse.m2e.jdt.JarLifecycleMapping lifecycle mapping for MavenProject: com.poc.customer:CustomerService:0.0.1-SNAPSHOT @ F:\Project-Workspace\Project-poc\CustomerService\pom.xml.
2023-05-11 11:44:06,670 [Worker-34: Updating Maven Project] INFO  o.e.m.j.i.AbstractJavaProjectConfigurator - Adding source folder /CustomerService/src/main/java
2023-05-11 11:44:06,671 [Worker-34: Updating Maven Project] INFO  o.e.m.j.i.AbstractJavaProjectConfigurator - Adding resource folder /CustomerService/src/main/resources
2023-05-11 11:44:06,671 [Worker-34: Updating Maven Project] INFO  o.e.m.j.i.AbstractJavaProjectConfigurator - Adding resource folder /CustomerService/src/main/resources
2023-05-11 11:44:06,673 [Worker-34: Updating Maven Project] INFO  o.e.m.j.i.AbstractJavaProjectConfigurator - Adding source folder /CustomerService/src/test/java
2023-05-11 11:44:07,308 [Worker-34: Updating Maven Project] INFO  o.e.m.c.i.p.ProjectConfigurationManager - Update completed for 1 poms: local refresh takes 0.00 sec, refresh facades takes 1.00 sec, update config takes 0.00 sec 
2023-05-11 11:46:28,717 [Worker-37: Updating Maven Project] INFO  o.e.m.c.i.p.ProjectConfigurationManager - Update started
2023-05-11 11:46:29,312 [Worker-37: Updating Maven Project] INFO  o.e.m.c.i.l.LifecycleMappingFactory - Using org.eclipse.m2e.jdt.JarLifecycleMapping lifecycle mapping for MavenProject: com.poc.customer:CustomerService:0.0.1-SNAPSHOT @ F:\Project-Workspace\Project-poc\CustomerService\pom.xml.
2023-05-11 11:46:29,962 [Worker-37: Updating Maven Project] INFO  o.e.m.j.i.AbstractJavaProjectConfigurator - Adding source folder /CustomerService/src/main/java
2023-05-11 11:46:29,963 [Worker-37: Updating Maven Project] INFO  o.e.m.j.i.AbstractJavaProjectConfigurator - Adding resource folder /CustomerService/src/main/resources
2023-05-11 11:46:29,963 [Worker-37: Updating Maven Project] INFO  o.e.m.j.i.AbstractJavaProjectConfigurator - Adding resource folder /CustomerService/src/main/resources
2023-05-11 11:46:29,963 [Worker-37: Updating Maven Project] INFO  o.e.m.j.i.AbstractJavaProjectConfigurator - Adding source folder /CustomerService/src/test/java
2023-05-11 11:46:30,240 [Worker-37: Updating Maven Project] INFO  o.e.m.c.i.p.ProjectConfigurationManager - Update completed for 1 poms: local refresh takes 0.00 sec, refresh facades takes 1.00 sec, update config takes 0.00 sec 
2023-05-11 11:46:38,787 [main] INFO  o.e.m2e.actions.ExecutePomAction - Creating new launch configuration
2023-05-11 11:46:47,483 [Worker-35: Launching CustomerService] INFO  o.eclipse.m2e.core.internal.Bundles - getClasspathEntries(Bundle=org.eclipse.m2e.maven.runtime_3.8.604.20221130-2149 [345])
2023-05-11 11:46:47,649 [Worker-35: Launching CustomerService] INFO  o.eclipse.m2e.core.internal.Bundles - 	Entry: F:\Software\sts-4.17.1.RELEASE\plugins\org.eclipse.m2e.maven.runtime_3.8.604.20221130-2149
2023-05-11 11:46:47,669 [Worker-35: Launching CustomerService] INFO  o.eclipse.m2e.core.internal.Bundles - 	Entry: F:\Software\sts-4.17.1.RELEASE\plugins\org.eclipse.m2e.maven.runtime_3.8.604.20221130-2149\jars\aether-connector-okhttp-0.17.8.jar
2023-05-11 11:46:47,669 [Worker-35: Launching CustomerService] INFO  o.eclipse.m2e.core.internal.Bundles - 	Entry: F:\Software\sts-4.17.1.RELEASE\plugins\org.eclipse.m2e.maven.runtime_3.8.604.20221130-2149\jars\commons-cli-1.4.jar
2023-05-11 11:46:47,670 [Worker-35: Launching CustomerService] INFO  o.eclipse.m2e.core.internal.Bundles - 	Entry: F:\Software\sts-4.17.1.RELEASE\plugins\org.eclipse.m2e.maven.runtime_3.8.604.20221130-2149\jars\commons-io-2.6.jar
2023-05-11 11:46:47,670 [Worker-35: Launching CustomerService] INFO  o.eclipse.m2e.core.internal.Bundles - 	Entry: F:\Software\sts-4.17.1.RELEASE\plugins\org.eclipse.m2e.maven.runtime_3.8.604.20221130-2149\jars\commons-lang3-3.8.1.jar
2023-05-11 11:46:47,670 [Worker-35: Launching CustomerService] INFO  o.eclipse.m2e.core.internal.Bundles - 	Entry: F:\Software\sts-4.17.1.RELEASE\plugins\org.eclipse.m2e.maven.runtime_3.8.604.20221130-2149\jars\guice-4.2.2-no_aop.jar
2023-05-11 11:46:47,670 [Worker-35: Launching CustomerService] INFO  o.eclipse.m2e.core.internal.Bundles - 	Entry: F:\Software\sts-4.17.1.RELEASE\plugins\org.eclipse.m2e.maven.runtime_3.8.604.20221130-2149\jars\jansi-2.4.0.jar
2023-05-11 11:46:47,670 [Worker-35: Launching CustomerService] INFO  o.eclipse.m2e.core.internal.Bundles - 	Entry: F:\Software\sts-4.17.1.RELEASE\plugins\org.eclipse.m2e.maven.runtime_3.8.604.20221130-2149\jars\maven-artifact-3.8.6.jar
2023-05-11 11:46:47,670 [Worker-35: Launching CustomerService] INFO  o.eclipse.m2e.core.internal.Bundles - 	Entry: F:\Software\sts-4.17.1.RELEASE\plugins\org.eclipse.m2e.maven.runtime_3.8.604.20221130-2149\jars\maven-builder-support-3.8.6.jar
2023-05-11 11:46:47,671 [Worker-35: Launching CustomerService] INFO  o.eclipse.m2e.core.internal.Bundles - 	Entry: F:\Software\sts-4.17.1.RELEASE\plugins\org.eclipse.m2e.maven.runtime_3.8.604.20221130-2149\jars\maven-compat-3.8.6.jar
2023-05-11 11:46:47,671 [Worker-35: Launching CustomerService] INFO  o.eclipse.m2e.core.internal.Bundles - 	Entry: F:\Software\sts-4.17.1.RELEASE\plugins\org.eclipse.m2e.maven.runtime_3.8.604.20221130-2149\jars\maven-core-3.8.6.jar
2023-05-11 11:46:47,671 [Worker-35: Launching CustomerService] INFO  o.eclipse.m2e.core.internal.Bundles - 	Entry: F:\Software\sts-4.17.1.RELEASE\plugins\org.eclipse.m2e.maven.runtime_3.8.604.20221130-2149\jars\maven-embedder-3.8.6.jar
2023-05-11 11:46:47,671 [Worker-35: Launching CustomerService] INFO  o.eclipse.m2e.core.internal.Bundles - 	Entry: F:\Software\sts-4.17.1.RELEASE\plugins\org.eclipse.m2e.maven.runtime_3.8.604.20221130-2149\jars\maven-model-3.8.6.jar
2023-05-11 11:46:47,671 [Worker-35: Launching CustomerService] INFO  o.eclipse.m2e.core.internal.Bundles - 	Entry: F:\Software\sts-4.17.1.RELEASE\plugins\org.eclipse.m2e.maven.runtime_3.8.604.20221130-2149\jars\maven-model-builder-3.8.6.jar
2023-05-11 11:46:47,672 [Worker-35: Launching CustomerService] INFO  o.eclipse.m2e.core.internal.Bundles - 	Entry: F:\Software\sts-4.17.1.RELEASE\plugins\org.eclipse.m2e.maven.runtime_3.8.604.20221130-2149\jars\maven-plugin-api-3.8.6.jar
2023-05-11 11:46:47,672 [Worker-35: Launching CustomerService] INFO  o.eclipse.m2e.core.internal.Bundles - 	Entry: F:\Software\sts-4.17.1.RELEASE\plugins\org.eclipse.m2e.maven.runtime_3.8.604.20221130-2149\jars\maven-repository-metadata-3.8.6.jar
2023-05-11 11:46:47,673 [Worker-35: Launching CustomerService] INFO  o.eclipse.m2e.core.internal.Bundles - 	Entry: F:\Software\sts-4.17.1.RELEASE\plugins\org.eclipse.m2e.maven.runtime_3.8.604.20221130-2149\jars\maven-resolver-api-1.6.3.jar
2023-05-11 11:46:47,673 [Worker-35: Launching CustomerService] INFO  o.eclipse.m2e.core.internal.Bundles - 	Entry: F:\Software\sts-4.17.1.RELEASE\plugins\org.eclipse.m2e.maven.runtime_3.8.604.20221130-2149\jars\maven-resolver-connector-basic-1.6.3.jar
2023-05-11 11:46:47,673 [Worker-35: Launching CustomerService] INFO  o.eclipse.m2e.core.internal.Bundles - 	Entry: F:\Software\sts-4.17.1.RELEASE\plugins\org.eclipse.m2e.maven.runtime_3.8.604.20221130-2149\jars\maven-resolver-impl-1.6.3.jar
2023-05-11 11:46:47,674 [Worker-35: Launching CustomerService] INFO  o.eclipse.m2e.core.internal.Bundles - 	Entry: F:\Software\sts-4.17.1.RELEASE\plugins\org.eclipse.m2e.maven.runtime_3.8.604.20221130-2149\jars\maven-resolver-provider-3.8.6.jar
2023-05-11 11:46:47,674 [Worker-35: Launching CustomerService] INFO  o.eclipse.m2e.core.internal.Bundles - 	Entry: F:\Software\sts-4.17.1.RELEASE\plugins\org.eclipse.m2e.maven.runtime_3.8.604.20221130-2149\jars\maven-resolver-spi-1.6.3.jar
2023-05-11 11:46:47,674 [Worker-35: Launching CustomerService] INFO  o.eclipse.m2e.core.internal.Bundles - 	Entry: F:\Software\sts-4.17.1.RELEASE\plugins\org.eclipse.m2e.maven.runtime_3.8.604.20221130-2149\jars\maven-resolver-transport-wagon-1.6.3.jar
2023-05-11 11:46:47,675 [Worker-35: Launching CustomerService] INFO  o.eclipse.m2e.core.internal.Bundles - 	Entry: F:\Software\sts-4.17.1.RELEASE\plugins\org.eclipse.m2e.maven.runtime_3.8.604.20221130-2149\jars\maven-resolver-util-1.6.3.jar
2023-05-11 11:46:47,675 [Worker-35: Launching CustomerService] INFO  o.eclipse.m2e.core.internal.Bundles - 	Entry: F:\Software\sts-4.17.1.RELEASE\plugins\org.eclipse.m2e.maven.runtime_3.8.604.20221130-2149\jars\maven-settings-3.8.6.jar
2023-05-11 11:46:47,675 [Worker-35: Launching CustomerService] INFO  o.eclipse.m2e.core.internal.Bundles - 	Entry: F:\Software\sts-4.17.1.RELEASE\plugins\org.eclipse.m2e.maven.runtime_3.8.604.20221130-2149\jars\maven-settings-builder-3.8.6.jar
2023-05-11 11:46:47,675 [Worker-35: Launching CustomerService] INFO  o.eclipse.m2e.core.internal.Bundles - 	Entry: F:\Software\sts-4.17.1.RELEASE\plugins\org.eclipse.m2e.maven.runtime_3.8.604.20221130-2149\jars\maven-shared-utils-3.3.4.jar
2023-05-11 11:46:47,676 [Worker-35: Launching CustomerService] INFO  o.eclipse.m2e.core.internal.Bundles - 	Entry: F:\Software\sts-4.17.1.RELEASE\plugins\org.eclipse.m2e.maven.runtime_3.8.604.20221130-2149\jars\okhttp-3.14.1.jar
2023-05-11 11:46:47,676 [Worker-35: Launching CustomerService] INFO  o.eclipse.m2e.core.internal.Bundles - 	Entry: F:\Software\sts-4.17.1.RELEASE\plugins\org.eclipse.m2e.maven.runtime_3.8.604.20221130-2149\jars\okio-1.17.3.jar
2023-05-11 11:46:47,676 [Worker-35: Launching CustomerService] INFO  o.eclipse.m2e.core.internal.Bundles - 	Entry: F:\Software\sts-4.17.1.RELEASE\plugins\org.eclipse.m2e.maven.runtime_3.8.604.20221130-2149\jars\org.eclipse.sisu.inject-0.3.5.jar
2023-05-11 11:46:47,676 [Worker-35: Launching CustomerService] INFO  o.eclipse.m2e.core.internal.Bundles - 	Entry: F:\Software\sts-4.17.1.RELEASE\plugins\org.eclipse.m2e.maven.runtime_3.8.604.20221130-2149\jars\org.eclipse.sisu.plexus-0.3.5.jar
2023-05-11 11:46:47,677 [Worker-35: Launching CustomerService] INFO  o.eclipse.m2e.core.internal.Bundles - 	Entry: F:\Software\sts-4.17.1.RELEASE\plugins\org.eclipse.m2e.maven.runtime_3.8.604.20221130-2149\jars\plexus-build-api-0.0.7.jar
2023-05-11 11:46:47,677 [Worker-35: Launching CustomerService] INFO  o.eclipse.m2e.core.internal.Bundles - 	Entry: F:\Software\sts-4.17.1.RELEASE\plugins\org.eclipse.m2e.maven.runtime_3.8.604.20221130-2149\jars\plexus-cipher-2.0.jar
2023-05-11 11:46:47,677 [Worker-35: Launching CustomerService] INFO  o.eclipse.m2e.core.internal.Bundles - 	Entry: F:\Software\sts-4.17.1.RELEASE\plugins\org.eclipse.m2e.maven.runtime_3.8.604.20221130-2149\jars\plexus-classworlds-2.6.0.jar
2023-05-11 11:46:47,677 [Worker-35: Launching CustomerService] INFO  o.eclipse.m2e.core.internal.Bundles - 	Entry: F:\Software\sts-4.17.1.RELEASE\plugins\org.eclipse.m2e.maven.runtime_3.8.604.20221130-2149\jars\plexus-component-annotations-2.1.0.jar
2023-05-11 11:46:47,677 [Worker-35: Launching CustomerService] INFO  o.eclipse.m2e.core.internal.Bundles - 	Entry: F:\Software\sts-4.17.1.RELEASE\plugins\org.eclipse.m2e.maven.runtime_3.8.604.20221130-2149\jars\plexus-interpolation-1.26.jar
2023-05-11 11:46:47,677 [Worker-35: Launching CustomerService] INFO  o.eclipse.m2e.core.internal.Bundles - 	Entry: F:\Software\sts-4.17.1.RELEASE\plugins\org.eclipse.m2e.maven.runtime_3.8.604.20221130-2149\jars\plexus-sec-dispatcher-2.0.jar
2023-05-11 11:46:47,677 [Worker-35: Launching CustomerService] INFO  o.eclipse.m2e.core.internal.Bundles - 	Entry: F:\Software\sts-4.17.1.RELEASE\plugins\org.eclipse.m2e.maven.runtime_3.8.604.20221130-2149\jars\plexus-utils-3.3.1.jar
2023-05-11 11:46:47,677 [Worker-35: Launching CustomerService] INFO  o.eclipse.m2e.core.internal.Bundles - 	Entry: F:\Software\sts-4.17.1.RELEASE\plugins\org.eclipse.m2e.maven.runtime_3.8.604.20221130-2149\jars\wagon-file-3.5.1.jar
2023-05-11 11:46:47,678 [Worker-35: Launching CustomerService] INFO  o.eclipse.m2e.core.internal.Bundles - 	Entry: F:\Software\sts-4.17.1.RELEASE\plugins\org.eclipse.m2e.maven.runtime_3.8.604.20221130-2149\jars\wagon-provider-api-3.5.1.jar
2023-05-11 11:46:47,678 [Worker-35: Launching CustomerService] INFO  o.eclipse.m2e.core.internal.Bundles - getClasspathEntries(Bundle=com.google.guava_30.1.0.v20221112-0806 [22])
2023-05-11 11:46:47,691 [Worker-35: Launching CustomerService] INFO  o.eclipse.m2e.core.internal.Bundles - 	Entry: F:\Software\sts-4.17.1.RELEASE\plugins\com.google.guava_30.1.0.v20221112-0806.jar
2023-05-11 11:46:47,691 [Worker-35: Launching CustomerService] INFO  o.eclipse.m2e.core.internal.Bundles - getClasspathEntries(Bundle=slf4j.api_1.7.36 [584])
2023-05-11 11:46:47,705 [Worker-35: Launching CustomerService] INFO  o.eclipse.m2e.core.internal.Bundles - 	Entry: F:\Software\sts-4.17.1.RELEASE\plugins\slf4j.api_1.7.36.jar
2023-05-11 11:46:47,705 [Worker-35: Launching CustomerService] INFO  o.eclipse.m2e.core.internal.Bundles - getClasspathEntries(Bundle=javax.inject_1.0.0.v20220405-0441 [49])
2023-05-11 11:46:47,731 [Worker-35: Launching CustomerService] INFO  o.eclipse.m2e.core.internal.Bundles - 	Entry: F:\Software\sts-4.17.1.RELEASE\plugins\javax.inject_1.0.0.v20220405-0441.jar
2023-05-11 11:46:47,731 [Worker-35: Launching CustomerService] INFO  o.eclipse.m2e.core.internal.Bundles - getClasspathEntries(Bundle=javax.annotation_1.3.5.v20221112-0806 [47])
2023-05-11 11:46:47,743 [Worker-35: Launching CustomerService] INFO  o.eclipse.m2e.core.internal.Bundles - 	Entry: F:\Software\sts-4.17.1.RELEASE\plugins\javax.annotation_1.3.5.v20221112-0806.jar
2023-05-11 11:46:47,775 [Worker-35: Launching CustomerService] INFO  o.e.m.i.launch.MavenLaunchDelegate - Run build in "F:\Project-Workspace\Project-poc\CustomerService":
2023-05-11 11:46:47,776 [Worker-35: Launching CustomerService] INFO  o.e.m.i.launch.MavenLaunchDelegate -  mvn  -B -Dstyle.color=always clean  install
2023-05-11 11:59:13,130 [Worker-43: Updating Maven Project] INFO  o.e.m.c.i.p.ProjectConfigurationManager - Update started
2023-05-11 11:59:13,848 [Worker-43: Updating Maven Project] INFO  o.e.m.c.i.l.LifecycleMappingFactory - Using org.eclipse.m2e.jdt.JarLifecycleMapping lifecycle mapping for MavenProject: com.poc.customer:CustomerService:0.0.1-SNAPSHOT @ F:\Project-Workspace\Project-poc\CustomerService\pom.xml.
2023-05-11 11:59:16,643 [Worker-43: Updating Maven Project] INFO  o.e.m.j.i.AbstractJavaProjectConfigurator - Adding source folder /CustomerService/src/main/java
2023-05-11 11:59:16,644 [Worker-43: Updating Maven Project] INFO  o.e.m.j.i.AbstractJavaProjectConfigurator - Adding resource folder /CustomerService/src/main/resources
2023-05-11 11:59:16,645 [Worker-43: Updating Maven Project] INFO  o.e.m.j.i.AbstractJavaProjectConfigurator - Adding resource folder /CustomerService/src/main/resources
2023-05-11 11:59:16,645 [Worker-43: Updating Maven Project] INFO  o.e.m.j.i.AbstractJavaProjectConfigurator - Adding source folder /CustomerService/src/test/java
2023-05-11 11:59:17,416 [Worker-43: Updating Maven Project] INFO  o.e.m.c.i.p.ProjectConfigurationManager - Update completed for 1 poms: local refresh takes 0.00 sec, refresh facades takes 3.00 sec, update config takes 0.00 sec 
2023-05-11 12:03:28,052 [Worker-50: Updating Maven Project] INFO  o.e.m.c.i.p.ProjectConfigurationManager - Update started
2023-05-11 12:03:28,720 [Worker-50: Updating Maven Project] INFO  o.e.m.c.i.l.LifecycleMappingFactory - Using org.eclipse.m2e.jdt.JarLifecycleMapping lifecycle mapping for MavenProject: com.poc.customer:CustomerService:0.0.1-SNAPSHOT @ F:\Project-Workspace\Project-poc\CustomerService\pom.xml.
2023-05-11 12:03:29,682 [Worker-50: Updating Maven Project] INFO  o.e.m.j.i.AbstractJavaProjectConfigurator - Adding source folder /CustomerService/src/main/java
2023-05-11 12:03:29,683 [Worker-50: Updating Maven Project] INFO  o.e.m.j.i.AbstractJavaProjectConfigurator - Adding resource folder /CustomerService/src/main/resources
2023-05-11 12:03:29,683 [Worker-50: Updating Maven Project] INFO  o.e.m.j.i.AbstractJavaProjectConfigurator - Adding resource folder /CustomerService/src/main/resources
2023-05-11 12:03:29,684 [Worker-50: Updating Maven Project] INFO  o.e.m.j.i.AbstractJavaProjectConfigurator - Adding source folder /CustomerService/src/test/java
2023-05-11 12:03:30,419 [Worker-50: Updating Maven Project] INFO  o.e.m.c.i.p.ProjectConfigurationManager - Update completed for 1 poms: local refresh takes 0.00 sec, refresh facades takes 1.00 sec, update config takes 0.00 sec 
2023-05-11 12:09:52,121 [Worker-3: Loading available Gradle versions] INFO  o.e.b.c.i.u.g.PublishedGradleVersions - Gradle version information cache is up-to-date. Trying to read.
2023-05-11 12:10:19,853 [Worker-2: Building] INFO  o.e.m.c.i.embedder.EclipseLogger - Using 'UTF-8' encoding to copy filtered resources.
2023-05-11 12:10:19,933 [Worker-2: Building] INFO  o.e.m.c.i.embedder.EclipseLogger - Using 'UTF-8' encoding to copy filtered properties files.
2023-05-11 12:10:19,941 [Worker-2: Building] INFO  o.e.m.c.i.embedder.EclipseLogger - Copying 1 resource
2023-05-11 12:10:19,999 [Worker-2: Building] INFO  o.e.m.c.i.embedder.EclipseLogger - Copying 0 resource
2023-05-11 12:10:20,008 [Worker-2: Building] INFO  o.e.m.c.i.embedder.EclipseLogger - Using 'UTF-8' encoding to copy filtered resources.
2023-05-11 12:10:20,008 [Worker-2: Building] INFO  o.e.m.c.i.embedder.EclipseLogger - Using 'UTF-8' encoding to copy filtered properties files.
2023-05-11 12:10:20,008 [Worker-2: Building] INFO  o.e.m.c.i.embedder.EclipseLogger - skip non existing resourceDirectory F:\Project-Workspace\Project-poc\CustomerService\src\test\resources
2023-05-11 12:10:36,637 [Worker-2: Updating Maven Project] INFO  o.e.m.c.i.p.ProjectConfigurationManager - Update started
2023-05-11 12:10:37,892 [Worker-2: Updating Maven Project] INFO  o.e.m.c.i.l.LifecycleMappingFactory - Using org.eclipse.m2e.jdt.JarLifecycleMapping lifecycle mapping for MavenProject: com.poc.customer:CustomerService:0.0.1-SNAPSHOT @ F:\Project-Workspace\Project-poc\CustomerService\pom.xml.
2023-05-11 12:10:39,299 [Worker-2: Updating Maven Project] INFO  o.e.m.j.i.AbstractJavaProjectConfigurator - Adding source folder /CustomerService/src/main/java
2023-05-11 12:10:39,299 [Worker-2: Updating Maven Project] INFO  o.e.m.j.i.AbstractJavaProjectConfigurator - Adding resource folder /CustomerService/src/main/resources
2023-05-11 12:10:39,300 [Worker-2: Updating Maven Project] INFO  o.e.m.j.i.AbstractJavaProjectConfigurator - Adding resource folder /CustomerService/src/main/resources
2023-05-11 12:10:39,301 [Worker-2: Updating Maven Project] INFO  o.e.m.j.i.AbstractJavaProjectConfigurator - Adding source folder /CustomerService/src/test/java
2023-05-11 12:10:39,985 [Worker-2: Updating Maven Project] INFO  o.e.m.c.i.p.ProjectConfigurationManager - Update completed for 1 poms: local refresh takes 0.00 sec, refresh facades takes 2.00 sec, update config takes 0.00 sec 
2023-05-11 12:12:26,628 [Worker-3: Updating Maven Project] INFO  o.e.m.c.i.p.ProjectConfigurationManager - Update started
2023-05-11 12:12:26,985 [Worker-3: Updating Maven Project] INFO  o.e.m.c.i.l.LifecycleMappingFactory - Using org.eclipse.m2e.jdt.JarLifecycleMapping lifecycle mapping for MavenProject: com.poc.customer:CustomerService:0.0.1-SNAPSHOT @ F:\Project-Workspace\Project-poc\CustomerService\pom.xml.
2023-05-11 12:12:27,590 [Worker-3: Updating Maven Project] INFO  o.e.m.j.i.AbstractJavaProjectConfigurator - Adding source folder /CustomerService/src/main/java
2023-05-11 12:12:27,590 [Worker-3: Updating Maven Project] INFO  o.e.m.j.i.AbstractJavaProjectConfigurator - Adding resource folder /CustomerService/src/main/resources
2023-05-11 12:12:27,591 [Worker-3: Updating Maven Project] INFO  o.e.m.j.i.AbstractJavaProjectConfigurator - Adding resource folder /CustomerService/src/main/resources
2023-05-11 12:12:27,592 [Worker-3: Updating Maven Project] INFO  o.e.m.j.i.AbstractJavaProjectConfigurator - Adding source folder /CustomerService/src/test/java
2023-05-11 12:12:28,055 [Worker-3: Updating Maven Project] INFO  o.e.m.c.i.p.ProjectConfigurationManager - Update completed for 1 poms: local refresh takes 0.00 sec, refresh facades takes 0.00 sec, update config takes 0.00 sec 
2023-05-11 12:13:51,610 [Worker-3: Updating Maven Project] INFO  o.e.m.c.i.p.ProjectConfigurationManager - Update started
2023-05-11 12:13:51,962 [Worker-3: Updating Maven Project] INFO  o.e.m.c.i.l.LifecycleMappingFactory - Using org.eclipse.m2e.jdt.JarLifecycleMapping lifecycle mapping for MavenProject: com.poc.customer:CustomerService:0.0.1-SNAPSHOT @ F:\Project-Workspace\Project-poc\CustomerService\pom.xml.
2023-05-11 12:13:52,501 [Worker-3: Updating Maven Project] INFO  o.e.m.j.i.AbstractJavaProjectConfigurator - Adding source folder /CustomerService/src/main/java
2023-05-11 12:13:52,501 [Worker-3: Updating Maven Project] INFO  o.e.m.j.i.AbstractJavaProjectConfigurator - Adding resource folder /CustomerService/src/main/resources
2023-05-11 12:13:52,502 [Worker-3: Updating Maven Project] INFO  o.e.m.j.i.AbstractJavaProjectConfigurator - Adding resource folder /CustomerService/src/main/resources
2023-05-11 12:13:52,503 [Worker-3: Updating Maven Project] INFO  o.e.m.j.i.AbstractJavaProjectConfigurator - Adding source folder /CustomerService/src/test/java
2023-05-11 12:13:52,864 [Worker-3: Updating Maven Project] INFO  o.e.m.c.i.p.ProjectConfigurationManager - Update completed for 1 poms: local refresh takes 0.00 sec, refresh facades takes 0.00 sec, update config takes 0.00 sec 
2023-05-11 12:14:04,188 [main] INFO  o.e.m2e.actions.ExecutePomAction - Using existing launch configuration
2023-05-11 12:14:04,349 [Worker-3: Launching CustomerService] INFO  o.eclipse.m2e.core.internal.Bundles - getClasspathEntries(Bundle=org.eclipse.m2e.maven.runtime_3.8.604.20221130-2149 [345])
2023-05-11 12:14:04,398 [Worker-3: Launching CustomerService] INFO  o.eclipse.m2e.core.internal.Bundles - 	Entry: F:\Software\sts-4.17.1.RELEASE\plugins\org.eclipse.m2e.maven.runtime_3.8.604.20221130-2149
2023-05-11 12:14:04,398 [Worker-3: Launching CustomerService] INFO  o.eclipse.m2e.core.internal.Bundles - 	Entry: F:\Software\sts-4.17.1.RELEASE\plugins\org.eclipse.m2e.maven.runtime_3.8.604.20221130-2149\jars\aether-connector-okhttp-0.17.8.jar
2023-05-11 12:14:04,399 [Worker-3: Launching CustomerService] INFO  o.eclipse.m2e.core.internal.Bundles - 	Entry: F:\Software\sts-4.17.1.RELEASE\plugins\org.eclipse.m2e.maven.runtime_3.8.604.20221130-2149\jars\commons-cli-1.4.jar
2023-05-11 12:14:04,400 [Worker-3: Launching CustomerService] INFO  o.eclipse.m2e.core.internal.Bundles - 	Entry: F:\Software\sts-4.17.1.RELEASE\plugins\org.eclipse.m2e.maven.runtime_3.8.604.20221130-2149\jars\commons-io-2.6.jar
2023-05-11 12:14:04,400 [Worker-3: Launching CustomerService] INFO  o.eclipse.m2e.core.internal.Bundles - 	Entry: F:\Software\sts-4.17.1.RELEASE\plugins\org.eclipse.m2e.maven.runtime_3.8.604.20221130-2149\jars\commons-lang3-3.8.1.jar
2023-05-11 12:14:04,400 [Worker-3: Launching CustomerService] INFO  o.eclipse.m2e.core.internal.Bundles - 	Entry: F:\Software\sts-4.17.1.RELEASE\plugins\org.eclipse.m2e.maven.runtime_3.8.604.20221130-2149\jars\guice-4.2.2-no_aop.jar
2023-05-11 12:14:04,401 [Worker-3: Launching CustomerService] INFO  o.eclipse.m2e.core.internal.Bundles - 	Entry: F:\Software\sts-4.17.1.RELEASE\plugins\org.eclipse.m2e.maven.runtime_3.8.604.20221130-2149\jars\jansi-2.4.0.jar
2023-05-11 12:14:04,401 [Worker-3: Launching CustomerService] INFO  o.eclipse.m2e.core.internal.Bundles - 	Entry: F:\Software\sts-4.17.1.RELEASE\plugins\org.eclipse.m2e.maven.runtime_3.8.604.20221130-2149\jars\maven-artifact-3.8.6.jar
2023-05-11 12:14:04,401 [Worker-3: Launching CustomerService] INFO  o.eclipse.m2e.core.internal.Bundles - 	Entry: F:\Software\sts-4.17.1.RELEASE\plugins\org.eclipse.m2e.maven.runtime_3.8.604.20221130-2149\jars\maven-builder-support-3.8.6.jar
2023-05-11 12:14:04,401 [Worker-3: Launching CustomerService] INFO  o.eclipse.m2e.core.internal.Bundles - 	Entry: F:\Software\sts-4.17.1.RELEASE\plugins\org.eclipse.m2e.maven.runtime_3.8.604.20221130-2149\jars\maven-compat-3.8.6.jar
2023-05-11 12:14:04,401 [Worker-3: Launching CustomerService] INFO  o.eclipse.m2e.core.internal.Bundles - 	Entry: F:\Software\sts-4.17.1.RELEASE\plugins\org.eclipse.m2e.maven.runtime_3.8.604.20221130-2149\jars\maven-core-3.8.6.jar
2023-05-11 12:14:04,401 [Worker-3: Launching CustomerService] INFO  o.eclipse.m2e.core.internal.Bundles - 	Entry: F:\Software\sts-4.17.1.RELEASE\plugins\org.eclipse.m2e.maven.runtime_3.8.604.20221130-2149\jars\maven-embedder-3.8.6.jar
2023-05-11 12:14:04,402 [Worker-3: Launching CustomerService] INFO  o.eclipse.m2e.core.internal.Bundles - 	Entry: F:\Software\sts-4.17.1.RELEASE\plugins\org.eclipse.m2e.maven.runtime_3.8.604.20221130-2149\jars\maven-model-3.8.6.jar
2023-05-11 12:14:04,402 [Worker-3: Launching CustomerService] INFO  o.eclipse.m2e.core.internal.Bundles - 	Entry: F:\Software\sts-4.17.1.RELEASE\plugins\org.eclipse.m2e.maven.runtime_3.8.604.20221130-2149\jars\maven-model-builder-3.8.6.jar
2023-05-11 12:14:04,402 [Worker-3: Launching CustomerService] INFO  o.eclipse.m2e.core.internal.Bundles - 	Entry: F:\Software\sts-4.17.1.RELEASE\plugins\org.eclipse.m2e.maven.runtime_3.8.604.20221130-2149\jars\maven-plugin-api-3.8.6.jar
2023-05-11 12:14:04,402 [Worker-3: Launching CustomerService] INFO  o.eclipse.m2e.core.internal.Bundles - 	Entry: F:\Software\sts-4.17.1.RELEASE\plugins\org.eclipse.m2e.maven.runtime_3.8.604.20221130-2149\jars\maven-repository-metadata-3.8.6.jar
2023-05-11 12:14:04,402 [Worker-3: Launching CustomerService] INFO  o.eclipse.m2e.core.internal.Bundles - 	Entry: F:\Software\sts-4.17.1.RELEASE\plugins\org.eclipse.m2e.maven.runtime_3.8.604.20221130-2149\jars\maven-resolver-api-1.6.3.jar
2023-05-11 12:14:04,402 [Worker-3: Launching CustomerService] INFO  o.eclipse.m2e.core.internal.Bundles - 	Entry: F:\Software\sts-4.17.1.RELEASE\plugins\org.eclipse.m2e.maven.runtime_3.8.604.20221130-2149\jars\maven-resolver-connector-basic-1.6.3.jar
2023-05-11 12:14:04,402 [Worker-3: Launching CustomerService] INFO  o.eclipse.m2e.core.internal.Bundles - 	Entry: F:\Software\sts-4.17.1.RELEASE\plugins\org.eclipse.m2e.maven.runtime_3.8.604.20221130-2149\jars\maven-resolver-impl-1.6.3.jar
2023-05-11 12:14:04,403 [Worker-3: Launching CustomerService] INFO  o.eclipse.m2e.core.internal.Bundles - 	Entry: F:\Software\sts-4.17.1.RELEASE\plugins\org.eclipse.m2e.maven.runtime_3.8.604.20221130-2149\jars\maven-resolver-provider-3.8.6.jar
2023-05-11 12:14:04,403 [Worker-3: Launching CustomerService] INFO  o.eclipse.m2e.core.internal.Bundles - 	Entry: F:\Software\sts-4.17.1.RELEASE\plugins\org.eclipse.m2e.maven.runtime_3.8.604.20221130-2149\jars\maven-resolver-spi-1.6.3.jar
2023-05-11 12:14:04,403 [Worker-3: Launching CustomerService] INFO  o.eclipse.m2e.core.internal.Bundles - 	Entry: F:\Software\sts-4.17.1.RELEASE\plugins\org.eclipse.m2e.maven.runtime_3.8.604.20221130-2149\jars\maven-resolver-transport-wagon-1.6.3.jar
2023-05-11 12:14:04,403 [Worker-3: Launching CustomerService] INFO  o.eclipse.m2e.core.internal.Bundles - 	Entry: F:\Software\sts-4.17.1.RELEASE\plugins\org.eclipse.m2e.maven.runtime_3.8.604.20221130-2149\jars\maven-resolver-util-1.6.3.jar
2023-05-11 12:14:04,403 [Worker-3: Launching CustomerService] INFO  o.eclipse.m2e.core.internal.Bundles - 	Entry: F:\Software\sts-4.17.1.RELEASE\plugins\org.eclipse.m2e.maven.runtime_3.8.604.20221130-2149\jars\maven-settings-3.8.6.jar
2023-05-11 12:14:04,404 [Worker-3: Launching CustomerService] INFO  o.eclipse.m2e.core.internal.Bundles - 	Entry: F:\Software\sts-4.17.1.RELEASE\plugins\org.eclipse.m2e.maven.runtime_3.8.604.20221130-2149\jars\maven-settings-builder-3.8.6.jar
2023-05-11 12:14:04,404 [Worker-3: Launching CustomerService] INFO  o.eclipse.m2e.core.internal.Bundles - 	Entry: F:\Software\sts-4.17.1.RELEASE\plugins\org.eclipse.m2e.maven.runtime_3.8.604.20221130-2149\jars\maven-shared-utils-3.3.4.jar
2023-05-11 12:14:04,404 [Worker-3: Launching CustomerService] INFO  o.eclipse.m2e.core.internal.Bundles - 	Entry: F:\Software\sts-4.17.1.RELEASE\plugins\org.eclipse.m2e.maven.runtime_3.8.604.20221130-2149\jars\okhttp-3.14.1.jar
2023-05-11 12:14:04,404 [Worker-3: Launching CustomerService] INFO  o.eclipse.m2e.core.internal.Bundles - 	Entry: F:\Software\sts-4.17.1.RELEASE\plugins\org.eclipse.m2e.maven.runtime_3.8.604.20221130-2149\jars\okio-1.17.3.jar
2023-05-11 12:14:04,404 [Worker-3: Launching CustomerService] INFO  o.eclipse.m2e.core.internal.Bundles - 	Entry: F:\Software\sts-4.17.1.RELEASE\plugins\org.eclipse.m2e.maven.runtime_3.8.604.20221130-2149\jars\org.eclipse.sisu.inject-0.3.5.jar
2023-05-11 12:14:04,404 [Worker-3: Launching CustomerService] INFO  o.eclipse.m2e.core.internal.Bundles - 	Entry: F:\Software\sts-4.17.1.RELEASE\plugins\org.eclipse.m2e.maven.runtime_3.8.604.20221130-2149\jars\org.eclipse.sisu.plexus-0.3.5.jar
2023-05-11 12:14:04,404 [Worker-3: Launching CustomerService] INFO  o.eclipse.m2e.core.internal.Bundles - 	Entry: F:\Software\sts-4.17.1.RELEASE\plugins\org.eclipse.m2e.maven.runtime_3.8.604.20221130-2149\jars\plexus-build-api-0.0.7.jar
2023-05-11 12:14:04,404 [Worker-3: Launching CustomerService] INFO  o.eclipse.m2e.core.internal.Bundles - 	Entry: F:\Software\sts-4.17.1.RELEASE\plugins\org.eclipse.m2e.maven.runtime_3.8.604.20221130-2149\jars\plexus-cipher-2.0.jar
2023-05-11 12:14:04,405 [Worker-3: Launching CustomerService] INFO  o.eclipse.m2e.core.internal.Bundles - 	Entry: F:\Software\sts-4.17.1.RELEASE\plugins\org.eclipse.m2e.maven.runtime_3.8.604.20221130-2149\jars\plexus-classworlds-2.6.0.jar
2023-05-11 12:14:04,405 [Worker-3: Launching CustomerService] INFO  o.eclipse.m2e.core.internal.Bundles - 	Entry: F:\Software\sts-4.17.1.RELEASE\plugins\org.eclipse.m2e.maven.runtime_3.8.604.20221130-2149\jars\plexus-component-annotations-2.1.0.jar
2023-05-11 12:14:04,405 [Worker-3: Launching CustomerService] INFO  o.eclipse.m2e.core.internal.Bundles - 	Entry: F:\Software\sts-4.17.1.RELEASE\plugins\org.eclipse.m2e.maven.runtime_3.8.604.20221130-2149\jars\plexus-interpolation-1.26.jar
2023-05-11 12:14:04,405 [Worker-3: Launching CustomerService] INFO  o.eclipse.m2e.core.internal.Bundles - 	Entry: F:\Software\sts-4.17.1.RELEASE\plugins\org.eclipse.m2e.maven.runtime_3.8.604.20221130-2149\jars\plexus-sec-dispatcher-2.0.jar
2023-05-11 12:14:04,405 [Worker-3: Launching CustomerService] INFO  o.eclipse.m2e.core.internal.Bundles - 	Entry: F:\Software\sts-4.17.1.RELEASE\plugins\org.eclipse.m2e.maven.runtime_3.8.604.20221130-2149\jars\plexus-utils-3.3.1.jar
2023-05-11 12:14:04,405 [Worker-3: Launching CustomerService] INFO  o.eclipse.m2e.core.internal.Bundles - 	Entry: F:\Software\sts-4.17.1.RELEASE\plugins\org.eclipse.m2e.maven.runtime_3.8.604.20221130-2149\jars\wagon-file-3.5.1.jar
2023-05-11 12:14:04,405 [Worker-3: Launching CustomerService] INFO  o.eclipse.m2e.core.internal.Bundles - 	Entry: F:\Software\sts-4.17.1.RELEASE\plugins\org.eclipse.m2e.maven.runtime_3.8.604.20221130-2149\jars\wagon-provider-api-3.5.1.jar
2023-05-11 12:14:04,409 [Worker-3: Launching CustomerService] INFO  o.eclipse.m2e.core.internal.Bundles - getClasspathEntries(Bundle=com.google.guava_30.1.0.v20221112-0806 [22])
2023-05-11 12:14:04,450 [Worker-3: Launching CustomerService] INFO  o.eclipse.m2e.core.internal.Bundles - 	Entry: F:\Software\sts-4.17.1.RELEASE\plugins\com.google.guava_30.1.0.v20221112-0806.jar
2023-05-11 12:14:04,450 [Worker-3: Launching CustomerService] INFO  o.eclipse.m2e.core.internal.Bundles - getClasspathEntries(Bundle=slf4j.api_1.7.36 [584])
2023-05-11 12:14:04,465 [Worker-3: Launching CustomerService] INFO  o.eclipse.m2e.core.internal.Bundles - 	Entry: F:\Software\sts-4.17.1.RELEASE\plugins\slf4j.api_1.7.36.jar
2023-05-11 12:14:04,465 [Worker-3: Launching CustomerService] INFO  o.eclipse.m2e.core.internal.Bundles - getClasspathEntries(Bundle=javax.inject_1.0.0.v20220405-0441 [49])
2023-05-11 12:14:04,520 [Worker-3: Launching CustomerService] INFO  o.eclipse.m2e.core.internal.Bundles - 	Entry: F:\Software\sts-4.17.1.RELEASE\plugins\javax.inject_1.0.0.v20220405-0441.jar
2023-05-11 12:14:04,520 [Worker-3: Launching CustomerService] INFO  o.eclipse.m2e.core.internal.Bundles - getClasspathEntries(Bundle=javax.annotation_1.3.5.v20221112-0806 [47])
2023-05-11 12:14:04,533 [Worker-3: Launching CustomerService] INFO  o.eclipse.m2e.core.internal.Bundles - 	Entry: F:\Software\sts-4.17.1.RELEASE\plugins\javax.annotation_1.3.5.v20221112-0806.jar
2023-05-11 12:14:04,537 [Worker-3: Launching CustomerService] INFO  o.e.m.i.launch.MavenLaunchDelegate - Run build in "F:\Project-Workspace\Project-poc\CustomerService":
2023-05-11 12:14:04,538 [Worker-3: Launching CustomerService] INFO  o.e.m.i.launch.MavenLaunchDelegate -  mvn  -B -Dstyle.color=always clean  install
2023-05-11 12:16:12,790 [Worker-2: Updating Maven Project] INFO  o.e.m.c.i.p.ProjectConfigurationManager - Update started
2023-05-11 12:16:13,168 [Worker-2: Updating Maven Project] INFO  o.e.m.c.i.l.LifecycleMappingFactory - Using org.eclipse.m2e.jdt.JarLifecycleMapping lifecycle mapping for MavenProject: com.poc.customer:CustomerService:0.0.1-SNAPSHOT @ F:\Project-Workspace\Project-poc\CustomerService\pom.xml.
2023-05-11 12:16:13,670 [Worker-2: Updating Maven Project] INFO  o.e.m.j.i.AbstractJavaProjectConfigurator - Adding source folder /CustomerService/src/main/java
2023-05-11 12:16:13,670 [Worker-2: Updating Maven Project] INFO  o.e.m.j.i.AbstractJavaProjectConfigurator - Adding resource folder /CustomerService/src/main/resources
2023-05-11 12:16:13,671 [Worker-2: Updating Maven Project] INFO  o.e.m.j.i.AbstractJavaProjectConfigurator - Adding resource folder /CustomerService/src/main/resources
2023-05-11 12:16:13,671 [Worker-2: Updating Maven Project] INFO  o.e.m.j.i.AbstractJavaProjectConfigurator - Adding source folder /CustomerService/src/test/java
2023-05-11 12:16:14,056 [Worker-2: Updating Maven Project] INFO  o.e.m.c.i.p.ProjectConfigurationManager - Update completed for 1 poms: local refresh takes 0.00 sec, refresh facades takes 0.00 sec, update config takes 0.00 sec 
2023-05-11 12:17:15,596 [main] INFO  o.e.m2e.actions.ExecutePomAction - Using existing launch configuration
2023-05-11 12:17:15,639 [Worker-3: Launching CustomerService] INFO  o.e.m.i.launch.MavenLaunchDelegate - Run build in "F:\Project-Workspace\Project-poc\CustomerService":
2023-05-11 12:17:15,639 [Worker-3: Launching CustomerService] INFO  o.e.m.i.launch.MavenLaunchDelegate -  mvn  -B -Dstyle.color=always clean  install
2023-05-11 12:19:24,691 [Worker-10: Updating Maven Project] INFO  o.e.m.c.i.p.ProjectConfigurationManager - Update started
2023-05-11 12:19:25,041 [Worker-10: Updating Maven Project] INFO  o.e.m.c.i.l.LifecycleMappingFactory - Using org.eclipse.m2e.jdt.JarLifecycleMapping lifecycle mapping for MavenProject: com.poc.customer:CustomerService:0.0.1-SNAPSHOT @ F:\Project-Workspace\Project-poc\CustomerService\pom.xml.
2023-05-11 12:19:26,418 [Worker-10: Updating Maven Project] INFO  o.e.m.j.i.AbstractJavaProjectConfigurator - Adding source folder /CustomerService/src/main/java
2023-05-11 12:19:26,419 [Worker-10: Updating Maven Project] INFO  o.e.m.j.i.AbstractJavaProjectConfigurator - Adding resource folder /CustomerService/src/main/resources
2023-05-11 12:19:26,419 [Worker-10: Updating Maven Project] INFO  o.e.m.j.i.AbstractJavaProjectConfigurator - Adding resource folder /CustomerService/src/main/resources
2023-05-11 12:19:26,420 [Worker-10: Updating Maven Project] INFO  o.e.m.j.i.AbstractJavaProjectConfigurator - Adding source folder /CustomerService/src/test/java
2023-05-11 12:19:26,774 [Worker-10: Updating Maven Project] INFO  o.e.m.c.i.p.ProjectConfigurationManager - Update completed for 1 poms: local refresh takes 0.00 sec, refresh facades takes 1.00 sec, update config takes 0.00 sec 
2023-05-11 12:20:51,262 [main] INFO  o.e.m2e.actions.ExecutePomAction - Using existing launch configuration
2023-05-11 12:20:51,329 [Worker-10: Launching CustomerService] INFO  o.e.m.i.launch.MavenLaunchDelegate - Run build in "F:\Project-Workspace\Project-poc\CustomerService":
2023-05-11 12:20:51,330 [Worker-10: Launching CustomerService] INFO  o.e.m.i.launch.MavenLaunchDelegate -  mvn  -B -Dstyle.color=always clean  install
2023-05-11 12:25:58,711 [Worker-9: Updating Maven Project] INFO  o.e.m.c.i.p.ProjectConfigurationManager - Update started
2023-05-11 12:25:59,660 [Worker-9: Updating Maven Project] INFO  o.e.m.c.i.l.LifecycleMappingFactory - Using org.eclipse.m2e.jdt.JarLifecycleMapping lifecycle mapping for MavenProject: com.poc.customer:CustomerService:0.0.1-SNAPSHOT @ F:\Project-Workspace\Project-poc\CustomerService\pom.xml.
2023-05-11 12:26:00,329 [Worker-9: Updating Maven Project] INFO  o.e.m.j.i.AbstractJavaProjectConfigurator - Adding source folder /CustomerService/src/main/java
2023-05-11 12:26:00,329 [Worker-9: Updating Maven Project] INFO  o.e.m.j.i.AbstractJavaProjectConfigurator - Adding resource folder /CustomerService/src/main/resources
2023-05-11 12:26:00,329 [Worker-9: Updating Maven Project] INFO  o.e.m.j.i.AbstractJavaProjectConfigurator - Adding resource folder /CustomerService/src/main/resources
2023-05-11 12:26:00,331 [Worker-9: Updating Maven Project] INFO  o.e.m.j.i.AbstractJavaProjectConfigurator - Adding source folder /CustomerService/src/test/java
2023-05-11 12:26:01,023 [Worker-9: Updating Maven Project] INFO  o.e.m.c.i.p.ProjectConfigurationManager - Update completed for 1 poms: local refresh takes 0.00 sec, refresh facades takes 1.00 sec, update config takes 0.00 sec 
2023-05-11 12:26:48,045 [main] INFO  o.e.m2e.actions.ExecutePomAction - Using existing launch configuration
2023-05-11 12:26:48,099 [Worker-15: Launching CustomerService] INFO  o.e.m.i.launch.MavenLaunchDelegate - Run build in "F:\Project-Workspace\Project-poc\CustomerService":
2023-05-11 12:26:48,101 [Worker-15: Launching CustomerService] INFO  o.e.m.i.launch.MavenLaunchDelegate -  mvn  -B -Dstyle.color=always clean  install
2023-05-11 12:34:14,305 [Worker-20: Updating Maven Project] INFO  o.e.m.c.i.p.ProjectConfigurationManager - Update started
2023-05-11 12:34:14,712 [Worker-20: Updating Maven Project] INFO  o.e.m.c.i.l.LifecycleMappingFactory - Using org.eclipse.m2e.jdt.JarLifecycleMapping lifecycle mapping for MavenProject: com.poc.customer:CustomerService:0.0.1-SNAPSHOT @ F:\Project-Workspace\Project-poc\CustomerService\pom.xml.
2023-05-11 12:34:15,699 [Worker-20: Updating Maven Project] INFO  o.e.m.j.i.AbstractJavaProjectConfigurator - Adding source folder /CustomerService/src/main/java
2023-05-11 12:34:15,699 [Worker-20: Updating Maven Project] INFO  o.e.m.j.i.AbstractJavaProjectConfigurator - Adding resource folder /CustomerService/src/main/resources
2023-05-11 12:34:15,700 [Worker-20: Updating Maven Project] INFO  o.e.m.j.i.AbstractJavaProjectConfigurator - Adding resource folder /CustomerService/src/main/resources
2023-05-11 12:34:15,701 [Worker-20: Updating Maven Project] INFO  o.e.m.j.i.AbstractJavaProjectConfigurator - Adding source folder /CustomerService/src/test/java
2023-05-11 12:34:16,105 [Worker-20: Updating Maven Project] INFO  o.e.m.c.i.p.ProjectConfigurationManager - Update completed for 1 poms: local refresh takes 0.00 sec, refresh facades takes 1.00 sec, update config takes 0.00 sec 
2023-05-11 12:34:22,933 [main] INFO  o.e.m2e.actions.ExecutePomAction - Using existing launch configuration
2023-05-11 12:34:22,980 [Worker-22: Launching CustomerService] INFO  o.e.m.i.launch.MavenLaunchDelegate - Run build in "F:\Project-Workspace\Project-poc\CustomerService":
2023-05-11 12:34:22,980 [Worker-22: Launching CustomerService] INFO  o.e.m.i.launch.MavenLaunchDelegate -  mvn  -B -Dstyle.color=always clean  install
2023-05-11 12:42:15,706 [Worker-24: Updating Maven Project] INFO  o.e.m.c.i.p.ProjectConfigurationManager - Update started
2023-05-11 12:42:16,300 [Worker-24: Updating Maven Project] INFO  o.e.m.c.i.l.LifecycleMappingFactory - Using org.eclipse.m2e.jdt.JarLifecycleMapping lifecycle mapping for MavenProject: com.poc.customer:CustomerService:0.0.1-SNAPSHOT @ F:\Project-Workspace\Project-poc\CustomerService\pom.xml.
2023-05-11 12:42:16,954 [Worker-24: Updating Maven Project] INFO  o.e.m.j.i.AbstractJavaProjectConfigurator - Adding source folder /CustomerService/src/main/java
2023-05-11 12:42:16,954 [Worker-24: Updating Maven Project] INFO  o.e.m.j.i.AbstractJavaProjectConfigurator - Adding resource folder /CustomerService/src/main/resources
2023-05-11 12:42:16,955 [Worker-24: Updating Maven Project] INFO  o.e.m.j.i.AbstractJavaProjectConfigurator - Adding resource folder /CustomerService/src/main/resources
2023-05-11 12:42:16,955 [Worker-24: Updating Maven Project] INFO  o.e.m.j.i.AbstractJavaProjectConfigurator - Adding source folder /CustomerService/src/test/java
2023-05-11 12:42:17,392 [Worker-24: Updating Maven Project] INFO  o.e.m.c.i.p.ProjectConfigurationManager - Update completed for 1 poms: local refresh takes 0.00 sec, refresh facades takes 1.00 sec, update config takes 0.00 sec 
2023-05-11 12:43:26,068 [Worker-27: Updating Maven Project] INFO  o.e.m.c.i.p.ProjectConfigurationManager - Update started
2023-05-11 12:43:26,354 [Worker-27: Updating Maven Project] INFO  o.e.m.c.i.l.LifecycleMappingFactory - Using org.eclipse.m2e.jdt.JarLifecycleMapping lifecycle mapping for MavenProject: com.poc.customer:CustomerService:0.0.1-SNAPSHOT @ F:\Project-Workspace\Project-poc\CustomerService\pom.xml.
2023-05-11 12:43:26,878 [Worker-27: Updating Maven Project] INFO  o.e.m.j.i.AbstractJavaProjectConfigurator - Adding source folder /CustomerService/src/main/java
2023-05-11 12:43:26,878 [Worker-27: Updating Maven Project] INFO  o.e.m.j.i.AbstractJavaProjectConfigurator - Adding resource folder /CustomerService/src/main/resources
2023-05-11 12:43:26,878 [Worker-27: Updating Maven Project] INFO  o.e.m.j.i.AbstractJavaProjectConfigurator - Adding resource folder /CustomerService/src/main/resources
2023-05-11 12:43:26,879 [Worker-27: Updating Maven Project] INFO  o.e.m.j.i.AbstractJavaProjectConfigurator - Adding source folder /CustomerService/src/test/java
2023-05-11 12:43:27,105 [Worker-27: Updating Maven Project] INFO  o.e.m.c.i.p.ProjectConfigurationManager - Update completed for 1 poms: local refresh takes 0.00 sec, refresh facades takes 0.00 sec, update config takes 0.00 sec 
2023-05-11 12:43:34,540 [main] INFO  o.e.m2e.actions.ExecutePomAction - Using existing launch configuration
2023-05-11 12:43:34,564 [Worker-28: Launching CustomerService] INFO  o.e.m.i.launch.MavenLaunchDelegate - Run build in "F:\Project-Workspace\Project-poc\CustomerService":
2023-05-11 12:43:34,564 [Worker-28: Launching CustomerService] INFO  o.e.m.i.launch.MavenLaunchDelegate -  mvn  -B -Dstyle.color=always clean  install
2023-05-11 15:05:29,665 [Worker-64: Updating Maven Project] INFO  o.e.m.c.i.p.ProjectConfigurationManager - Update started
2023-05-11 15:05:30,747 [Worker-64: Updating Maven Project] INFO  o.e.m.c.i.l.LifecycleMappingFactory - Using org.eclipse.m2e.jdt.JarLifecycleMapping lifecycle mapping for MavenProject: com.poc.customer:CustomerService:0.0.1-SNAPSHOT @ F:\Project-Workspace\Project-poc\CustomerService\pom.xml.
2023-05-11 15:05:31,666 [Worker-64: Updating Maven Project] INFO  o.e.m.j.i.AbstractJavaProjectConfigurator - Adding source folder /CustomerService/src/main/java
2023-05-11 15:05:31,670 [Worker-64: Updating Maven Project] INFO  o.e.m.j.i.AbstractJavaProjectConfigurator - Adding resource folder /CustomerService/src/main/resources
2023-05-11 15:05:31,671 [Worker-64: Updating Maven Project] INFO  o.e.m.j.i.AbstractJavaProjectConfigurator - Adding resource folder /CustomerService/src/main/resources
2023-05-11 15:05:31,671 [Worker-64: Updating Maven Project] INFO  o.e.m.j.i.AbstractJavaProjectConfigurator - Adding source folder /CustomerService/src/test/java
2023-05-11 15:05:32,258 [Worker-64: Updating Maven Project] INFO  o.e.m.c.i.p.ProjectConfigurationManager - Update completed for 1 poms: local refresh takes 0.00 sec, refresh facades takes 1.00 sec, update config takes 0.00 sec 
2023-05-11 15:06:00,190 [main] INFO  o.e.m2e.actions.ExecutePomAction - Using existing launch configuration
2023-05-11 15:06:00,252 [Worker-62: Launching CustomerService] INFO  o.e.m.i.launch.MavenLaunchDelegate - Run build in "F:\Project-Workspace\Project-poc\CustomerService":
2023-05-11 15:06:00,252 [Worker-62: Launching CustomerService] INFO  o.e.m.i.launch.MavenLaunchDelegate -  mvn  -B -Dstyle.color=always clean  install
2023-05-12 09:58:52,306 [Worker-3: Loading available Gradle versions] INFO  o.e.b.c.i.u.g.PublishedGradleVersions - Gradle version information cache is up-to-date. Trying to read.
2023-05-12 10:17:19,856 [Worker-14: Building] INFO  o.e.m.c.i.embedder.EclipseLogger - Using 'UTF-8' encoding to copy filtered resources.
2023-05-12 10:17:19,884 [Worker-14: Building] INFO  o.e.m.c.i.embedder.EclipseLogger - Using 'UTF-8' encoding to copy filtered properties files.
2023-05-12 10:17:19,893 [Worker-14: Building] INFO  o.e.m.c.i.embedder.EclipseLogger - Copying 1 resource
2023-05-12 10:17:20,227 [Worker-14: Building] INFO  o.e.m.c.i.embedder.EclipseLogger - Copying 0 resource
2023-05-12 10:17:20,244 [Worker-14: Building] INFO  o.e.m.c.i.embedder.EclipseLogger - Using 'UTF-8' encoding to copy filtered resources.
2023-05-12 10:17:20,244 [Worker-14: Building] INFO  o.e.m.c.i.embedder.EclipseLogger - Using 'UTF-8' encoding to copy filtered properties files.
2023-05-12 10:17:20,245 [Worker-14: Building] INFO  o.e.m.c.i.embedder.EclipseLogger - skip non existing resourceDirectory F:\Project-Workspace\Project-poc\CustomerService\src\test\resources
2023-05-12 10:19:04,203 [Worker-13: Building] INFO  o.e.m.c.i.l.LifecycleMappingFactory - Using org.eclipse.m2e.jdt.JarLifecycleMapping lifecycle mapping for MavenProject: com.poc.customer:CustomerService:0.0.1-SNAPSHOT @ F:\Project-Workspace\Project-poc\CustomerService\pom.xml.
2023-05-12 10:19:05,301 [Worker-13: Building] INFO  o.e.m.c.i.embedder.EclipseLogger - Using 'UTF-8' encoding to copy filtered resources.
2023-05-12 10:19:05,301 [Worker-13: Building] INFO  o.e.m.c.i.embedder.EclipseLogger - Using 'UTF-8' encoding to copy filtered properties files.
2023-05-12 10:19:05,307 [Worker-13: Building] INFO  o.e.m.c.i.embedder.EclipseLogger - Copying 0 resource
2023-05-12 10:19:05,307 [Worker-13: Building] INFO  o.e.m.c.i.embedder.EclipseLogger - Copying 0 resource
2023-05-12 10:19:05,312 [Worker-13: Building] INFO  o.e.m.c.i.embedder.EclipseLogger - Using 'UTF-8' encoding to copy filtered resources.
2023-05-12 10:19:05,313 [Worker-13: Building] INFO  o.e.m.c.i.embedder.EclipseLogger - Using 'UTF-8' encoding to copy filtered properties files.
2023-05-12 10:19:05,313 [Worker-13: Building] INFO  o.e.m.c.i.embedder.EclipseLogger - skip non existing resourceDirectory F:\Project-Workspace\Project-poc\CustomerService\src\test\resources
2023-05-12 10:19:06,620 [Worker-15: Building] INFO  o.e.m.c.i.l.LifecycleMappingFactory - Using org.eclipse.m2e.jdt.JarLifecycleMapping lifecycle mapping for MavenProject: com.poc.customer:CustomerService:0.0.1-SNAPSHOT @ F:\Project-Workspace\Project-poc\CustomerService\pom.xml.
2023-05-12 10:19:07,570 [Worker-15: Building] INFO  o.e.m.c.i.embedder.EclipseLogger - Using 'UTF-8' encoding to copy filtered resources.
2023-05-12 10:19:07,571 [Worker-15: Building] INFO  o.e.m.c.i.embedder.EclipseLogger - Using 'UTF-8' encoding to copy filtered properties files.
2023-05-12 10:19:07,574 [Worker-15: Building] INFO  o.e.m.c.i.embedder.EclipseLogger - Copying 0 resource
2023-05-12 10:19:07,575 [Worker-15: Building] INFO  o.e.m.c.i.embedder.EclipseLogger - Copying 0 resource
2023-05-12 10:19:07,579 [Worker-15: Building] INFO  o.e.m.c.i.embedder.EclipseLogger - Using 'UTF-8' encoding to copy filtered resources.
2023-05-12 10:19:07,579 [Worker-15: Building] INFO  o.e.m.c.i.embedder.EclipseLogger - Using 'UTF-8' encoding to copy filtered properties files.
2023-05-12 10:19:07,579 [Worker-15: Building] INFO  o.e.m.c.i.embedder.EclipseLogger - skip non existing resourceDirectory F:\Project-Workspace\Project-poc\CustomerService\src\test\resources
2023-05-12 10:19:18,750 [Worker-17: Updating Maven Project] INFO  o.e.m.c.i.p.ProjectConfigurationManager - Update started
2023-05-12 10:19:19,213 [Worker-17: Updating Maven Project] INFO  o.e.m.c.i.l.LifecycleMappingFactory - Using org.eclipse.m2e.jdt.JarLifecycleMapping lifecycle mapping for MavenProject: com.poc.customer:CustomerService:0.0.1-SNAPSHOT @ F:\Project-Workspace\Project-poc\CustomerService\pom.xml.
2023-05-12 10:19:20,087 [Worker-17: Updating Maven Project] INFO  o.e.m.j.i.AbstractJavaProjectConfigurator - Adding source folder /CustomerService/src/main/java
2023-05-12 10:19:20,088 [Worker-17: Updating Maven Project] INFO  o.e.m.j.i.AbstractJavaProjectConfigurator - Adding resource folder /CustomerService/src/main/resources
2023-05-12 10:19:20,088 [Worker-17: Updating Maven Project] INFO  o.e.m.j.i.AbstractJavaProjectConfigurator - Adding resource folder /CustomerService/src/main/resources
2023-05-12 10:19:20,089 [Worker-17: Updating Maven Project] INFO  o.e.m.j.i.AbstractJavaProjectConfigurator - Adding source folder /CustomerService/src/test/java
2023-05-12 10:19:21,397 [Worker-17: Updating Maven Project] INFO  o.e.m.c.i.p.ProjectConfigurationManager - Update completed for 1 poms: local refresh takes 0.00 sec, refresh facades takes 0.00 sec, update config takes 1.00 sec 
2023-05-12 10:20:34,175 [main] INFO  o.e.m2e.actions.ExecutePomAction - Using existing launch configuration
2023-05-12 10:20:34,272 [Worker-14: Launching CustomerService] INFO  o.eclipse.m2e.core.internal.Bundles - getClasspathEntries(Bundle=org.eclipse.m2e.maven.runtime_3.8.604.20221130-2149 [345])
2023-05-12 10:20:34,351 [Worker-14: Launching CustomerService] INFO  o.eclipse.m2e.core.internal.Bundles - 	Entry: F:\Software\sts-4.17.1.RELEASE\plugins\org.eclipse.m2e.maven.runtime_3.8.604.20221130-2149
2023-05-12 10:20:34,351 [Worker-14: Launching CustomerService] INFO  o.eclipse.m2e.core.internal.Bundles - 	Entry: F:\Software\sts-4.17.1.RELEASE\plugins\org.eclipse.m2e.maven.runtime_3.8.604.20221130-2149\jars\aether-connector-okhttp-0.17.8.jar
2023-05-12 10:20:34,351 [Worker-14: Launching CustomerService] INFO  o.eclipse.m2e.core.internal.Bundles - 	Entry: F:\Software\sts-4.17.1.RELEASE\plugins\org.eclipse.m2e.maven.runtime_3.8.604.20221130-2149\jars\commons-cli-1.4.jar
2023-05-12 10:20:34,351 [Worker-14: Launching CustomerService] INFO  o.eclipse.m2e.core.internal.Bundles - 	Entry: F:\Software\sts-4.17.1.RELEASE\plugins\org.eclipse.m2e.maven.runtime_3.8.604.20221130-2149\jars\commons-io-2.6.jar
2023-05-12 10:20:34,351 [Worker-14: Launching CustomerService] INFO  o.eclipse.m2e.core.internal.Bundles - 	Entry: F:\Software\sts-4.17.1.RELEASE\plugins\org.eclipse.m2e.maven.runtime_3.8.604.20221130-2149\jars\commons-lang3-3.8.1.jar
2023-05-12 10:20:34,351 [Worker-14: Launching CustomerService] INFO  o.eclipse.m2e.core.internal.Bundles - 	Entry: F:\Software\sts-4.17.1.RELEASE\plugins\org.eclipse.m2e.maven.runtime_3.8.604.20221130-2149\jars\guice-4.2.2-no_aop.jar
2023-05-12 10:20:34,351 [Worker-14: Launching CustomerService] INFO  o.eclipse.m2e.core.internal.Bundles - 	Entry: F:\Software\sts-4.17.1.RELEASE\plugins\org.eclipse.m2e.maven.runtime_3.8.604.20221130-2149\jars\jansi-2.4.0.jar
2023-05-12 10:20:34,351 [Worker-14: Launching CustomerService] INFO  o.eclipse.m2e.core.internal.Bundles - 	Entry: F:\Software\sts-4.17.1.RELEASE\plugins\org.eclipse.m2e.maven.runtime_3.8.604.20221130-2149\jars\maven-artifact-3.8.6.jar
2023-05-12 10:20:34,351 [Worker-14: Launching CustomerService] INFO  o.eclipse.m2e.core.internal.Bundles - 	Entry: F:\Software\sts-4.17.1.RELEASE\plugins\org.eclipse.m2e.maven.runtime_3.8.604.20221130-2149\jars\maven-builder-support-3.8.6.jar
2023-05-12 10:20:34,352 [Worker-14: Launching CustomerService] INFO  o.eclipse.m2e.core.internal.Bundles - 	Entry: F:\Software\sts-4.17.1.RELEASE\plugins\org.eclipse.m2e.maven.runtime_3.8.604.20221130-2149\jars\maven-compat-3.8.6.jar
2023-05-12 10:20:34,352 [Worker-14: Launching CustomerService] INFO  o.eclipse.m2e.core.internal.Bundles - 	Entry: F:\Software\sts-4.17.1.RELEASE\plugins\org.eclipse.m2e.maven.runtime_3.8.604.20221130-2149\jars\maven-core-3.8.6.jar
2023-05-12 10:20:34,352 [Worker-14: Launching CustomerService] INFO  o.eclipse.m2e.core.internal.Bundles - 	Entry: F:\Software\sts-4.17.1.RELEASE\plugins\org.eclipse.m2e.maven.runtime_3.8.604.20221130-2149\jars\maven-embedder-3.8.6.jar
2023-05-12 10:20:34,352 [Worker-14: Launching CustomerService] INFO  o.eclipse.m2e.core.internal.Bundles - 	Entry: F:\Software\sts-4.17.1.RELEASE\plugins\org.eclipse.m2e.maven.runtime_3.8.604.20221130-2149\jars\maven-model-3.8.6.jar
2023-05-12 10:20:34,352 [Worker-14: Launching CustomerService] INFO  o.eclipse.m2e.core.internal.Bundles - 	Entry: F:\Software\sts-4.17.1.RELEASE\plugins\org.eclipse.m2e.maven.runtime_3.8.604.20221130-2149\jars\maven-model-builder-3.8.6.jar
2023-05-12 10:20:34,352 [Worker-14: Launching CustomerService] INFO  o.eclipse.m2e.core.internal.Bundles - 	Entry: F:\Software\sts-4.17.1.RELEASE\plugins\org.eclipse.m2e.maven.runtime_3.8.604.20221130-2149\jars\maven-plugin-api-3.8.6.jar
2023-05-12 10:20:34,352 [Worker-14: Launching CustomerService] INFO  o.eclipse.m2e.core.internal.Bundles - 	Entry: F:\Software\sts-4.17.1.RELEASE\plugins\org.eclipse.m2e.maven.runtime_3.8.604.20221130-2149\jars\maven-repository-metadata-3.8.6.jar
2023-05-12 10:20:34,352 [Worker-14: Launching CustomerService] INFO  o.eclipse.m2e.core.internal.Bundles - 	Entry: F:\Software\sts-4.17.1.RELEASE\plugins\org.eclipse.m2e.maven.runtime_3.8.604.20221130-2149\jars\maven-resolver-api-1.6.3.jar
2023-05-12 10:20:34,352 [Worker-14: Launching CustomerService] INFO  o.eclipse.m2e.core.internal.Bundles - 	Entry: F:\Software\sts-4.17.1.RELEASE\plugins\org.eclipse.m2e.maven.runtime_3.8.604.20221130-2149\jars\maven-resolver-connector-basic-1.6.3.jar
2023-05-12 10:20:34,352 [Worker-14: Launching CustomerService] INFO  o.eclipse.m2e.core.internal.Bundles - 	Entry: F:\Software\sts-4.17.1.RELEASE\plugins\org.eclipse.m2e.maven.runtime_3.8.604.20221130-2149\jars\maven-resolver-impl-1.6.3.jar
2023-05-12 10:20:34,352 [Worker-14: Launching CustomerService] INFO  o.eclipse.m2e.core.internal.Bundles - 	Entry: F:\Software\sts-4.17.1.RELEASE\plugins\org.eclipse.m2e.maven.runtime_3.8.604.20221130-2149\jars\maven-resolver-provider-3.8.6.jar
2023-05-12 10:20:34,352 [Worker-14: Launching CustomerService] INFO  o.eclipse.m2e.core.internal.Bundles - 	Entry: F:\Software\sts-4.17.1.RELEASE\plugins\org.eclipse.m2e.maven.runtime_3.8.604.20221130-2149\jars\maven-resolver-spi-1.6.3.jar
2023-05-12 10:20:34,352 [Worker-14: Launching CustomerService] INFO  o.eclipse.m2e.core.internal.Bundles - 	Entry: F:\Software\sts-4.17.1.RELEASE\plugins\org.eclipse.m2e.maven.runtime_3.8.604.20221130-2149\jars\maven-resolver-transport-wagon-1.6.3.jar
2023-05-12 10:20:34,352 [Worker-14: Launching CustomerService] INFO  o.eclipse.m2e.core.internal.Bundles - 	Entry: F:\Software\sts-4.17.1.RELEASE\plugins\org.eclipse.m2e.maven.runtime_3.8.604.20221130-2149\jars\maven-resolver-util-1.6.3.jar
2023-05-12 10:20:34,352 [Worker-14: Launching CustomerService] INFO  o.eclipse.m2e.core.internal.Bundles - 	Entry: F:\Software\sts-4.17.1.RELEASE\plugins\org.eclipse.m2e.maven.runtime_3.8.604.20221130-2149\jars\maven-settings-3.8.6.jar
2023-05-12 10:20:34,353 [Worker-14: Launching CustomerService] INFO  o.eclipse.m2e.core.internal.Bundles - 	Entry: F:\Software\sts-4.17.1.RELEASE\plugins\org.eclipse.m2e.maven.runtime_3.8.604.20221130-2149\jars\maven-settings-builder-3.8.6.jar
2023-05-12 10:20:34,353 [Worker-14: Launching CustomerService] INFO  o.eclipse.m2e.core.internal.Bundles - 	Entry: F:\Software\sts-4.17.1.RELEASE\plugins\org.eclipse.m2e.maven.runtime_3.8.604.20221130-2149\jars\maven-shared-utils-3.3.4.jar
2023-05-12 10:20:34,353 [Worker-14: Launching CustomerService] INFO  o.eclipse.m2e.core.internal.Bundles - 	Entry: F:\Software\sts-4.17.1.RELEASE\plugins\org.eclipse.m2e.maven.runtime_3.8.604.20221130-2149\jars\okhttp-3.14.1.jar
2023-05-12 10:20:34,353 [Worker-14: Launching CustomerService] INFO  o.eclipse.m2e.core.internal.Bundles - 	Entry: F:\Software\sts-4.17.1.RELEASE\plugins\org.eclipse.m2e.maven.runtime_3.8.604.20221130-2149\jars\okio-1.17.3.jar
2023-05-12 10:20:34,353 [Worker-14: Launching CustomerService] INFO  o.eclipse.m2e.core.internal.Bundles - 	Entry: F:\Software\sts-4.17.1.RELEASE\plugins\org.eclipse.m2e.maven.runtime_3.8.604.20221130-2149\jars\org.eclipse.sisu.inject-0.3.5.jar
2023-05-12 10:20:34,353 [Worker-14: Launching CustomerService] INFO  o.eclipse.m2e.core.internal.Bundles - 	Entry: F:\Software\sts-4.17.1.RELEASE\plugins\org.eclipse.m2e.maven.runtime_3.8.604.20221130-2149\jars\org.eclipse.sisu.plexus-0.3.5.jar
2023-05-12 10:20:34,353 [Worker-14: Launching CustomerService] INFO  o.eclipse.m2e.core.internal.Bundles - 	Entry: F:\Software\sts-4.17.1.RELEASE\plugins\org.eclipse.m2e.maven.runtime_3.8.604.20221130-2149\jars\plexus-build-api-0.0.7.jar
2023-05-12 10:20:34,353 [Worker-14: Launching CustomerService] INFO  o.eclipse.m2e.core.internal.Bundles - 	Entry: F:\Software\sts-4.17.1.RELEASE\plugins\org.eclipse.m2e.maven.runtime_3.8.604.20221130-2149\jars\plexus-cipher-2.0.jar
2023-05-12 10:20:34,354 [Worker-14: Launching CustomerService] INFO  o.eclipse.m2e.core.internal.Bundles - 	Entry: F:\Software\sts-4.17.1.RELEASE\plugins\org.eclipse.m2e.maven.runtime_3.8.604.20221130-2149\jars\plexus-classworlds-2.6.0.jar
2023-05-12 10:20:34,354 [Worker-14: Launching CustomerService] INFO  o.eclipse.m2e.core.internal.Bundles - 	Entry: F:\Software\sts-4.17.1.RELEASE\plugins\org.eclipse.m2e.maven.runtime_3.8.604.20221130-2149\jars\plexus-component-annotations-2.1.0.jar
2023-05-12 10:20:34,354 [Worker-14: Launching CustomerService] INFO  o.eclipse.m2e.core.internal.Bundles - 	Entry: F:\Software\sts-4.17.1.RELEASE\plugins\org.eclipse.m2e.maven.runtime_3.8.604.20221130-2149\jars\plexus-interpolation-1.26.jar
2023-05-12 10:20:34,354 [Worker-14: Launching CustomerService] INFO  o.eclipse.m2e.core.internal.Bundles - 	Entry: F:\Software\sts-4.17.1.RELEASE\plugins\org.eclipse.m2e.maven.runtime_3.8.604.20221130-2149\jars\plexus-sec-dispatcher-2.0.jar
2023-05-12 10:20:34,354 [Worker-14: Launching CustomerService] INFO  o.eclipse.m2e.core.internal.Bundles - 	Entry: F:\Software\sts-4.17.1.RELEASE\plugins\org.eclipse.m2e.maven.runtime_3.8.604.20221130-2149\jars\plexus-utils-3.3.1.jar
2023-05-12 10:20:34,354 [Worker-14: Launching CustomerService] INFO  o.eclipse.m2e.core.internal.Bundles - 	Entry: F:\Software\sts-4.17.1.RELEASE\plugins\org.eclipse.m2e.maven.runtime_3.8.604.20221130-2149\jars\wagon-file-3.5.1.jar
2023-05-12 10:20:34,354 [Worker-14: Launching CustomerService] INFO  o.eclipse.m2e.core.internal.Bundles - 	Entry: F:\Software\sts-4.17.1.RELEASE\plugins\org.eclipse.m2e.maven.runtime_3.8.604.20221130-2149\jars\wagon-provider-api-3.5.1.jar
2023-05-12 10:20:34,355 [Worker-14: Launching CustomerService] INFO  o.eclipse.m2e.core.internal.Bundles - getClasspathEntries(Bundle=com.google.guava_30.1.0.v20221112-0806 [22])
2023-05-12 10:20:34,387 [Worker-14: Launching CustomerService] INFO  o.eclipse.m2e.core.internal.Bundles - 	Entry: F:\Software\sts-4.17.1.RELEASE\plugins\com.google.guava_30.1.0.v20221112-0806.jar
2023-05-12 10:20:34,388 [Worker-14: Launching CustomerService] INFO  o.eclipse.m2e.core.internal.Bundles - getClasspathEntries(Bundle=slf4j.api_1.7.36 [584])
2023-05-12 10:20:34,389 [Worker-14: Launching CustomerService] INFO  o.eclipse.m2e.core.internal.Bundles - 	Entry: F:\Software\sts-4.17.1.RELEASE\plugins\slf4j.api_1.7.36.jar
2023-05-12 10:20:34,389 [Worker-14: Launching CustomerService] INFO  o.eclipse.m2e.core.internal.Bundles - getClasspathEntries(Bundle=javax.inject_1.0.0.v20220405-0441 [49])
2023-05-12 10:20:34,391 [Worker-14: Launching CustomerService] INFO  o.eclipse.m2e.core.internal.Bundles - 	Entry: F:\Software\sts-4.17.1.RELEASE\plugins\javax.inject_1.0.0.v20220405-0441.jar
2023-05-12 10:20:34,391 [Worker-14: Launching CustomerService] INFO  o.eclipse.m2e.core.internal.Bundles - getClasspathEntries(Bundle=javax.annotation_1.3.5.v20221112-0806 [47])
2023-05-12 10:20:34,402 [Worker-14: Launching CustomerService] INFO  o.eclipse.m2e.core.internal.Bundles - 	Entry: F:\Software\sts-4.17.1.RELEASE\plugins\javax.annotation_1.3.5.v20221112-0806.jar
2023-05-12 10:20:34,407 [Worker-14: Launching CustomerService] INFO  o.e.m.i.launch.MavenLaunchDelegate - Run build in "F:\Project-Workspace\Project-poc\CustomerService":
2023-05-12 10:20:34,408 [Worker-14: Launching CustomerService] INFO  o.e.m.i.launch.MavenLaunchDelegate -  mvn  -B -Dstyle.color=always clean  install
2023-05-12 12:47:59,794 [Worker-2: Loading available Gradle versions] INFO  o.e.b.c.i.u.g.PublishedGradleVersions - Gradle version information cache is out-of-date. Trying to update.
2023-05-12 12:48:01,286 [Worker-2: Loading available Gradle versions] INFO  o.e.b.c.i.u.g.PublishedGradleVersions - Updating Gradle version information cache failed. Using outdated cache.
2023-05-12 12:58:21,080 [Worker-9: Building] INFO  o.e.m.c.i.embedder.EclipseLogger - Using 'UTF-8' encoding to copy filtered resources.
2023-05-12 12:58:21,116 [Worker-9: Building] INFO  o.e.m.c.i.embedder.EclipseLogger - Using 'UTF-8' encoding to copy filtered properties files.
2023-05-12 12:58:21,123 [Worker-9: Building] INFO  o.e.m.c.i.embedder.EclipseLogger - Copying 1 resource
2023-05-12 12:58:21,170 [Worker-9: Building] INFO  o.e.m.c.i.embedder.EclipseLogger - Copying 0 resource
2023-05-12 12:58:21,176 [Worker-9: Building] INFO  o.e.m.c.i.embedder.EclipseLogger - Using 'UTF-8' encoding to copy filtered resources.
2023-05-12 12:58:21,176 [Worker-9: Building] INFO  o.e.m.c.i.embedder.EclipseLogger - Using 'UTF-8' encoding to copy filtered properties files.
2023-05-12 12:58:21,177 [Worker-9: Building] INFO  o.e.m.c.i.embedder.EclipseLogger - skip non existing resourceDirectory F:\Project-Workspace\Project-poc\CustomerService\src\test\resources
2023-05-12 12:58:27,003 [Worker-9: Building] INFO  o.e.m.c.i.embedder.EclipseLogger - Using 'UTF-8' encoding to copy filtered resources.
2023-05-12 12:58:27,003 [Worker-9: Building] INFO  o.e.m.c.i.embedder.EclipseLogger - Using 'UTF-8' encoding to copy filtered properties files.
2023-05-12 12:58:27,007 [Worker-9: Building] INFO  o.e.m.c.i.embedder.EclipseLogger - Copying 1 resource
2023-05-12 12:58:27,047 [Worker-9: Building] INFO  o.e.m.c.i.embedder.EclipseLogger - Copying 0 resource
2023-05-12 12:58:27,054 [Worker-9: Building] INFO  o.e.m.c.i.embedder.EclipseLogger - Using 'UTF-8' encoding to copy filtered resources.
2023-05-12 12:58:27,054 [Worker-9: Building] INFO  o.e.m.c.i.embedder.EclipseLogger - Using 'UTF-8' encoding to copy filtered properties files.
2023-05-12 12:58:27,054 [Worker-9: Building] INFO  o.e.m.c.i.embedder.EclipseLogger - skip non existing resourceDirectory F:\Project-Workspace\Project-poc\CustomerService\src\test\resources
2023-05-12 12:59:45,779 [Worker-10: Building] INFO  o.e.m.c.i.embedder.EclipseLogger - Using 'UTF-8' encoding to copy filtered resources.
2023-05-12 12:59:45,780 [Worker-10: Building] INFO  o.e.m.c.i.embedder.EclipseLogger - Using 'UTF-8' encoding to copy filtered properties files.
2023-05-12 12:59:45,781 [Worker-10: Building] INFO  o.e.m.c.i.embedder.EclipseLogger - Copying 1 resource
2023-05-12 12:59:45,789 [Worker-10: Building] INFO  o.e.m.c.i.embedder.EclipseLogger - Copying 0 resource
2023-05-12 12:59:45,794 [Worker-10: Building] INFO  o.e.m.c.i.embedder.EclipseLogger - Using 'UTF-8' encoding to copy filtered resources.
2023-05-12 12:59:45,794 [Worker-10: Building] INFO  o.e.m.c.i.embedder.EclipseLogger - Using 'UTF-8' encoding to copy filtered properties files.
2023-05-12 12:59:45,795 [Worker-10: Building] INFO  o.e.m.c.i.embedder.EclipseLogger - skip non existing resourceDirectory F:\Project-Workspace\Project-poc\CustomerService\src\test\resources
2023-05-12 13:02:05,985 [Worker-7: Building] INFO  o.e.m.c.i.embedder.EclipseLogger - Using 'UTF-8' encoding to copy filtered resources.
2023-05-12 13:02:05,986 [Worker-7: Building] INFO  o.e.m.c.i.embedder.EclipseLogger - Using 'UTF-8' encoding to copy filtered properties files.
2023-05-12 13:02:05,987 [Worker-7: Building] INFO  o.e.m.c.i.embedder.EclipseLogger - Copying 1 resource
2023-05-12 13:02:05,994 [Worker-7: Building] INFO  o.e.m.c.i.embedder.EclipseLogger - Copying 0 resource
2023-05-12 13:02:05,999 [Worker-7: Building] INFO  o.e.m.c.i.embedder.EclipseLogger - Using 'UTF-8' encoding to copy filtered resources.
2023-05-12 13:02:05,999 [Worker-7: Building] INFO  o.e.m.c.i.embedder.EclipseLogger - Using 'UTF-8' encoding to copy filtered properties files.
2023-05-12 13:02:06,000 [Worker-7: Building] INFO  o.e.m.c.i.embedder.EclipseLogger - skip non existing resourceDirectory F:\Project-Workspace\Project-poc\CustomerService\src\test\resources
2023-05-12 13:02:14,450 [Worker-7: Building] INFO  o.e.m.c.i.embedder.EclipseLogger - Using 'UTF-8' encoding to copy filtered resources.
2023-05-12 13:02:14,450 [Worker-7: Building] INFO  o.e.m.c.i.embedder.EclipseLogger - Using 'UTF-8' encoding to copy filtered properties files.
2023-05-12 13:02:14,451 [Worker-7: Building] INFO  o.e.m.c.i.embedder.EclipseLogger - Copying 1 resource
2023-05-12 13:02:14,458 [Worker-7: Building] INFO  o.e.m.c.i.embedder.EclipseLogger - Copying 0 resource
2023-05-12 13:02:14,461 [Worker-7: Building] INFO  o.e.m.c.i.embedder.EclipseLogger - Using 'UTF-8' encoding to copy filtered resources.
2023-05-12 13:02:14,461 [Worker-7: Building] INFO  o.e.m.c.i.embedder.EclipseLogger - Using 'UTF-8' encoding to copy filtered properties files.
2023-05-12 13:02:14,462 [Worker-7: Building] INFO  o.e.m.c.i.embedder.EclipseLogger - skip non existing resourceDirectory F:\Project-Workspace\Project-poc\CustomerService\src\test\resources
2023-05-12 13:02:28,564 [Worker-11: Updating Maven Project] INFO  o.e.m.c.i.p.ProjectConfigurationManager - Update started
2023-05-12 13:02:30,087 [Worker-11: Updating Maven Project] INFO  o.e.m.c.i.l.LifecycleMappingFactory - Using org.eclipse.m2e.jdt.JarLifecycleMapping lifecycle mapping for MavenProject: com.poc.customer:CustomerService:0.0.1-SNAPSHOT @ F:\Project-Workspace\Project-poc\CustomerService\pom.xml.
2023-05-12 13:02:31,059 [Worker-11: Updating Maven Project] INFO  o.e.m.j.i.AbstractJavaProjectConfigurator - Adding source folder /CustomerService/src/main/java
2023-05-12 13:02:31,060 [Worker-11: Updating Maven Project] INFO  o.e.m.j.i.AbstractJavaProjectConfigurator - Adding resource folder /CustomerService/src/main/resources
2023-05-12 13:02:31,060 [Worker-11: Updating Maven Project] INFO  o.e.m.j.i.AbstractJavaProjectConfigurator - Adding resource folder /CustomerService/src/main/resources
2023-05-12 13:02:31,061 [Worker-11: Updating Maven Project] INFO  o.e.m.j.i.AbstractJavaProjectConfigurator - Adding source folder /CustomerService/src/test/java
2023-05-12 13:02:32,257 [Worker-11: Updating Maven Project] INFO  o.e.m.c.i.p.ProjectConfigurationManager - Update completed for 1 poms: local refresh takes 0.00 sec, refresh facades takes 2.00 sec, update config takes 0.00 sec 
2023-05-12 13:02:41,977 [main] INFO  o.e.m2e.actions.ExecutePomAction - Using existing launch configuration
2023-05-12 13:02:42,143 [Worker-12: Launching CustomerService] INFO  o.eclipse.m2e.core.internal.Bundles - getClasspathEntries(Bundle=org.eclipse.m2e.maven.runtime_3.8.604.20221130-2149 [345])
2023-05-12 13:02:42,203 [Worker-12: Launching CustomerService] INFO  o.eclipse.m2e.core.internal.Bundles - 	Entry: F:\Software\sts-4.17.1.RELEASE\plugins\org.eclipse.m2e.maven.runtime_3.8.604.20221130-2149
2023-05-12 13:02:42,203 [Worker-12: Launching CustomerService] INFO  o.eclipse.m2e.core.internal.Bundles - 	Entry: F:\Software\sts-4.17.1.RELEASE\plugins\org.eclipse.m2e.maven.runtime_3.8.604.20221130-2149\jars\aether-connector-okhttp-0.17.8.jar
2023-05-12 13:02:42,204 [Worker-12: Launching CustomerService] INFO  o.eclipse.m2e.core.internal.Bundles - 	Entry: F:\Software\sts-4.17.1.RELEASE\plugins\org.eclipse.m2e.maven.runtime_3.8.604.20221130-2149\jars\commons-cli-1.4.jar
2023-05-12 13:02:42,204 [Worker-12: Launching CustomerService] INFO  o.eclipse.m2e.core.internal.Bundles - 	Entry: F:\Software\sts-4.17.1.RELEASE\plugins\org.eclipse.m2e.maven.runtime_3.8.604.20221130-2149\jars\commons-io-2.6.jar
2023-05-12 13:02:42,204 [Worker-12: Launching CustomerService] INFO  o.eclipse.m2e.core.internal.Bundles - 	Entry: F:\Software\sts-4.17.1.RELEASE\plugins\org.eclipse.m2e.maven.runtime_3.8.604.20221130-2149\jars\commons-lang3-3.8.1.jar
2023-05-12 13:02:42,204 [Worker-12: Launching CustomerService] INFO  o.eclipse.m2e.core.internal.Bundles - 	Entry: F:\Software\sts-4.17.1.RELEASE\plugins\org.eclipse.m2e.maven.runtime_3.8.604.20221130-2149\jars\guice-4.2.2-no_aop.jar
2023-05-12 13:02:42,204 [Worker-12: Launching CustomerService] INFO  o.eclipse.m2e.core.internal.Bundles - 	Entry: F:\Software\sts-4.17.1.RELEASE\plugins\org.eclipse.m2e.maven.runtime_3.8.604.20221130-2149\jars\jansi-2.4.0.jar
2023-05-12 13:02:42,204 [Worker-12: Launching CustomerService] INFO  o.eclipse.m2e.core.internal.Bundles - 	Entry: F:\Software\sts-4.17.1.RELEASE\plugins\org.eclipse.m2e.maven.runtime_3.8.604.20221130-2149\jars\maven-artifact-3.8.6.jar
2023-05-12 13:02:42,205 [Worker-12: Launching CustomerService] INFO  o.eclipse.m2e.core.internal.Bundles - 	Entry: F:\Software\sts-4.17.1.RELEASE\plugins\org.eclipse.m2e.maven.runtime_3.8.604.20221130-2149\jars\maven-builder-support-3.8.6.jar
2023-05-12 13:02:42,205 [Worker-12: Launching CustomerService] INFO  o.eclipse.m2e.core.internal.Bundles - 	Entry: F:\Software\sts-4.17.1.RELEASE\plugins\org.eclipse.m2e.maven.runtime_3.8.604.20221130-2149\jars\maven-compat-3.8.6.jar
2023-05-12 13:02:42,205 [Worker-12: Launching CustomerService] INFO  o.eclipse.m2e.core.internal.Bundles - 	Entry: F:\Software\sts-4.17.1.RELEASE\plugins\org.eclipse.m2e.maven.runtime_3.8.604.20221130-2149\jars\maven-core-3.8.6.jar
2023-05-12 13:02:42,205 [Worker-12: Launching CustomerService] INFO  o.eclipse.m2e.core.internal.Bundles - 	Entry: F:\Software\sts-4.17.1.RELEASE\plugins\org.eclipse.m2e.maven.runtime_3.8.604.20221130-2149\jars\maven-embedder-3.8.6.jar
2023-05-12 13:02:42,205 [Worker-12: Launching CustomerService] INFO  o.eclipse.m2e.core.internal.Bundles - 	Entry: F:\Software\sts-4.17.1.RELEASE\plugins\org.eclipse.m2e.maven.runtime_3.8.604.20221130-2149\jars\maven-model-3.8.6.jar
2023-05-12 13:02:42,206 [Worker-12: Launching CustomerService] INFO  o.eclipse.m2e.core.internal.Bundles - 	Entry: F:\Software\sts-4.17.1.RELEASE\plugins\org.eclipse.m2e.maven.runtime_3.8.604.20221130-2149\jars\maven-model-builder-3.8.6.jar
2023-05-12 13:02:42,206 [Worker-12: Launching CustomerService] INFO  o.eclipse.m2e.core.internal.Bundles - 	Entry: F:\Software\sts-4.17.1.RELEASE\plugins\org.eclipse.m2e.maven.runtime_3.8.604.20221130-2149\jars\maven-plugin-api-3.8.6.jar
2023-05-12 13:02:42,206 [Worker-12: Launching CustomerService] INFO  o.eclipse.m2e.core.internal.Bundles - 	Entry: F:\Software\sts-4.17.1.RELEASE\plugins\org.eclipse.m2e.maven.runtime_3.8.604.20221130-2149\jars\maven-repository-metadata-3.8.6.jar
2023-05-12 13:02:42,206 [Worker-12: Launching CustomerService] INFO  o.eclipse.m2e.core.internal.Bundles - 	Entry: F:\Software\sts-4.17.1.RELEASE\plugins\org.eclipse.m2e.maven.runtime_3.8.604.20221130-2149\jars\maven-resolver-api-1.6.3.jar
2023-05-12 13:02:42,206 [Worker-12: Launching CustomerService] INFO  o.eclipse.m2e.core.internal.Bundles - 	Entry: F:\Software\sts-4.17.1.RELEASE\plugins\org.eclipse.m2e.maven.runtime_3.8.604.20221130-2149\jars\maven-resolver-connector-basic-1.6.3.jar
2023-05-12 13:02:42,207 [Worker-12: Launching CustomerService] INFO  o.eclipse.m2e.core.internal.Bundles - 	Entry: F:\Software\sts-4.17.1.RELEASE\plugins\org.eclipse.m2e.maven.runtime_3.8.604.20221130-2149\jars\maven-resolver-impl-1.6.3.jar
2023-05-12 13:02:42,207 [Worker-12: Launching CustomerService] INFO  o.eclipse.m2e.core.internal.Bundles - 	Entry: F:\Software\sts-4.17.1.RELEASE\plugins\org.eclipse.m2e.maven.runtime_3.8.604.20221130-2149\jars\maven-resolver-provider-3.8.6.jar
2023-05-12 13:02:42,207 [Worker-12: Launching CustomerService] INFO  o.eclipse.m2e.core.internal.Bundles - 	Entry: F:\Software\sts-4.17.1.RELEASE\plugins\org.eclipse.m2e.maven.runtime_3.8.604.20221130-2149\jars\maven-resolver-spi-1.6.3.jar
2023-05-12 13:02:42,207 [Worker-12: Launching CustomerService] INFO  o.eclipse.m2e.core.internal.Bundles - 	Entry: F:\Software\sts-4.17.1.RELEASE\plugins\org.eclipse.m2e.maven.runtime_3.8.604.20221130-2149\jars\maven-resolver-transport-wagon-1.6.3.jar
2023-05-12 13:02:42,207 [Worker-12: Launching CustomerService] INFO  o.eclipse.m2e.core.internal.Bundles - 	Entry: F:\Software\sts-4.17.1.RELEASE\plugins\org.eclipse.m2e.maven.runtime_3.8.604.20221130-2149\jars\maven-resolver-util-1.6.3.jar
2023-05-12 13:02:42,207 [Worker-12: Launching CustomerService] INFO  o.eclipse.m2e.core.internal.Bundles - 	Entry: F:\Software\sts-4.17.1.RELEASE\plugins\org.eclipse.m2e.maven.runtime_3.8.604.20221130-2149\jars\maven-settings-3.8.6.jar
2023-05-12 13:02:42,208 [Worker-12: Launching CustomerService] INFO  o.eclipse.m2e.core.internal.Bundles - 	Entry: F:\Software\sts-4.17.1.RELEASE\plugins\org.eclipse.m2e.maven.runtime_3.8.604.20221130-2149\jars\maven-settings-builder-3.8.6.jar
2023-05-12 13:02:42,208 [Worker-12: Launching CustomerService] INFO  o.eclipse.m2e.core.internal.Bundles - 	Entry: F:\Software\sts-4.17.1.RELEASE\plugins\org.eclipse.m2e.maven.runtime_3.8.604.20221130-2149\jars\maven-shared-utils-3.3.4.jar
2023-05-12 13:02:42,208 [Worker-12: Launching CustomerService] INFO  o.eclipse.m2e.core.internal.Bundles - 	Entry: F:\Software\sts-4.17.1.RELEASE\plugins\org.eclipse.m2e.maven.runtime_3.8.604.20221130-2149\jars\okhttp-3.14.1.jar
2023-05-12 13:02:42,208 [Worker-12: Launching CustomerService] INFO  o.eclipse.m2e.core.internal.Bundles - 	Entry: F:\Software\sts-4.17.1.RELEASE\plugins\org.eclipse.m2e.maven.runtime_3.8.604.20221130-2149\jars\okio-1.17.3.jar
2023-05-12 13:02:42,208 [Worker-12: Launching CustomerService] INFO  o.eclipse.m2e.core.internal.Bundles - 	Entry: F:\Software\sts-4.17.1.RELEASE\plugins\org.eclipse.m2e.maven.runtime_3.8.604.20221130-2149\jars\org.eclipse.sisu.inject-0.3.5.jar
2023-05-12 13:02:42,209 [Worker-12: Launching CustomerService] INFO  o.eclipse.m2e.core.internal.Bundles - 	Entry: F:\Software\sts-4.17.1.RELEASE\plugins\org.eclipse.m2e.maven.runtime_3.8.604.20221130-2149\jars\org.eclipse.sisu.plexus-0.3.5.jar
2023-05-12 13:02:42,209 [Worker-12: Launching CustomerService] INFO  o.eclipse.m2e.core.internal.Bundles - 	Entry: F:\Software\sts-4.17.1.RELEASE\plugins\org.eclipse.m2e.maven.runtime_3.8.604.20221130-2149\jars\plexus-build-api-0.0.7.jar
2023-05-12 13:02:42,209 [Worker-12: Launching CustomerService] INFO  o.eclipse.m2e.core.internal.Bundles - 	Entry: F:\Software\sts-4.17.1.RELEASE\plugins\org.eclipse.m2e.maven.runtime_3.8.604.20221130-2149\jars\plexus-cipher-2.0.jar
2023-05-12 13:02:42,209 [Worker-12: Launching CustomerService] INFO  o.eclipse.m2e.core.internal.Bundles - 	Entry: F:\Software\sts-4.17.1.RELEASE\plugins\org.eclipse.m2e.maven.runtime_3.8.604.20221130-2149\jars\plexus-classworlds-2.6.0.jar
2023-05-12 13:02:42,209 [Worker-12: Launching CustomerService] INFO  o.eclipse.m2e.core.internal.Bundles - 	Entry: F:\Software\sts-4.17.1.RELEASE\plugins\org.eclipse.m2e.maven.runtime_3.8.604.20221130-2149\jars\plexus-component-annotations-2.1.0.jar
2023-05-12 13:02:42,209 [Worker-12: Launching CustomerService] INFO  o.eclipse.m2e.core.internal.Bundles - 	Entry: F:\Software\sts-4.17.1.RELEASE\plugins\org.eclipse.m2e.maven.runtime_3.8.604.20221130-2149\jars\plexus-interpolation-1.26.jar
2023-05-12 13:02:42,209 [Worker-12: Launching CustomerService] INFO  o.eclipse.m2e.core.internal.Bundles - 	Entry: F:\Software\sts-4.17.1.RELEASE\plugins\org.eclipse.m2e.maven.runtime_3.8.604.20221130-2149\jars\plexus-sec-dispatcher-2.0.jar
2023-05-12 13:02:42,210 [Worker-12: Launching CustomerService] INFO  o.eclipse.m2e.core.internal.Bundles - 	Entry: F:\Software\sts-4.17.1.RELEASE\plugins\org.eclipse.m2e.maven.runtime_3.8.604.20221130-2149\jars\plexus-utils-3.3.1.jar
2023-05-12 13:02:42,210 [Worker-12: Launching CustomerService] INFO  o.eclipse.m2e.core.internal.Bundles - 	Entry: F:\Software\sts-4.17.1.RELEASE\plugins\org.eclipse.m2e.maven.runtime_3.8.604.20221130-2149\jars\wagon-file-3.5.1.jar
2023-05-12 13:02:42,210 [Worker-12: Launching CustomerService] INFO  o.eclipse.m2e.core.internal.Bundles - 	Entry: F:\Software\sts-4.17.1.RELEASE\plugins\org.eclipse.m2e.maven.runtime_3.8.604.20221130-2149\jars\wagon-provider-api-3.5.1.jar
2023-05-12 13:02:42,238 [Worker-12: Launching CustomerService] INFO  o.eclipse.m2e.core.internal.Bundles - getClasspathEntries(Bundle=com.google.guava_30.1.0.v20221112-0806 [22])
2023-05-12 13:02:42,280 [Worker-12: Launching CustomerService] INFO  o.eclipse.m2e.core.internal.Bundles - 	Entry: F:\Software\sts-4.17.1.RELEASE\plugins\com.google.guava_30.1.0.v20221112-0806.jar
2023-05-12 13:02:42,280 [Worker-12: Launching CustomerService] INFO  o.eclipse.m2e.core.internal.Bundles - getClasspathEntries(Bundle=slf4j.api_1.7.36 [584])
2023-05-12 13:02:42,281 [Worker-12: Launching CustomerService] INFO  o.eclipse.m2e.core.internal.Bundles - 	Entry: F:\Software\sts-4.17.1.RELEASE\plugins\slf4j.api_1.7.36.jar
2023-05-12 13:02:42,281 [Worker-12: Launching CustomerService] INFO  o.eclipse.m2e.core.internal.Bundles - getClasspathEntries(Bundle=javax.inject_1.0.0.v20220405-0441 [49])
2023-05-12 13:02:42,303 [Worker-12: Launching CustomerService] INFO  o.eclipse.m2e.core.internal.Bundles - 	Entry: F:\Software\sts-4.17.1.RELEASE\plugins\javax.inject_1.0.0.v20220405-0441.jar
2023-05-12 13:02:42,303 [Worker-12: Launching CustomerService] INFO  o.eclipse.m2e.core.internal.Bundles - getClasspathEntries(Bundle=javax.annotation_1.3.5.v20221112-0806 [47])
2023-05-12 13:02:42,309 [Worker-12: Launching CustomerService] INFO  o.eclipse.m2e.core.internal.Bundles - 	Entry: F:\Software\sts-4.17.1.RELEASE\plugins\javax.annotation_1.3.5.v20221112-0806.jar
2023-05-12 13:02:42,316 [Worker-12: Launching CustomerService] INFO  o.e.m.i.launch.MavenLaunchDelegate - Run build in "F:\Project-Workspace\Project-poc\CustomerService":
2023-05-12 13:02:42,484 [Worker-12: Launching CustomerService] INFO  o.e.m.i.launch.MavenLaunchDelegate -  mvn  -B -Dstyle.color=always clean  install
